000 (19348.000.000) 2024-03-14 18:12:06 Job submitted from host: <134.96.116.41:9618?addrs=134.96.116.41-9618&alias=submit.lsv.uni-saarland.de&noUDP&sock=schedd_1587_20e3>
...
001 (19348.000.000) 2024-03-14 18:12:06 Job executing on host: <134.96.116.40:9618?addrs=134.96.116.40-9618&alias=cl16lx.lsv.uni-saarland.de&noUDP&sock=startd_1569_c82f>
...
006 (19348.000.000) 2024-03-14 18:12:16 Image size of job updated: 285
	285  -  MemoryUsage of job (MB)
	292720  -  ResidentSetSize of job (KB)
...
006 (19348.000.000) 2024-03-14 18:13:17 Image size of job updated: 992
	992  -  MemoryUsage of job (MB)
	1016160  -  ResidentSetSize of job (KB)
...
005 (19348.000.000) 2024-03-14 18:13:18 Job terminated.
	(1) Normal termination (return value 0)
		Usr 0 00:01:06, Sys 0 00:00:02  -  Run Remote Usage
		Usr 0 00:00:00, Sys 0 00:00:00  -  Run Local Usage
		Usr 0 00:01:06, Sys 0 00:00:02  -  Total Remote Usage
		Usr 0 00:00:00, Sys 0 00:00:00  -  Total Local Usage
	0  -  Run Bytes Sent By Job
	0  -  Run Bytes Received By Job
	0  -  Total Bytes Sent By Job
	0  -  Total Bytes Received By Job
	Partitionable Resources :    Usage  Request Allocated Assigned
	   Cpus                 :        0        1         1 
	   Disk (KB)            :        1        1     82509 
	   Gpus (Average)       :                 1         1 "GPU-6a875de7"
	   Memory (MB)          :      992    20480     20480 

	Job terminated of its own accord at 2024-03-14T17:13:21Z with exit-code 0.
...
