000 (19346.000.000) 2024-03-14 18:08:54 Job submitted from host: <134.96.116.41:9618?addrs=134.96.116.41-9618&alias=submit.lsv.uni-saarland.de&noUDP&sock=schedd_1587_20e3>
...
001 (19346.000.000) 2024-03-14 18:08:55 Job executing on host: <134.96.116.40:9618?addrs=134.96.116.40-9618&alias=cl16lx.lsv.uni-saarland.de&noUDP&sock=startd_1569_c82f>
...
006 (19346.000.000) 2024-03-14 18:09:03 Image size of job updated: 217
	217  -  MemoryUsage of job (MB)
	223048  -  ResidentSetSize of job (KB)
...
006 (19346.000.000) 2024-03-14 18:09:12 Image size of job updated: 522
	522  -  MemoryUsage of job (MB)
	534592  -  ResidentSetSize of job (KB)
...
005 (19346.000.000) 2024-03-14 18:09:13 Job terminated.
	(1) Normal termination (return value 1)
		Usr 0 00:00:13, Sys 0 00:00:01  -  Run Remote Usage
		Usr 0 00:00:00, Sys 0 00:00:00  -  Run Local Usage
		Usr 0 00:00:13, Sys 0 00:00:01  -  Total Remote Usage
		Usr 0 00:00:00, Sys 0 00:00:00  -  Total Local Usage
	0  -  Run Bytes Sent By Job
	0  -  Run Bytes Received By Job
	0  -  Total Bytes Sent By Job
	0  -  Total Bytes Received By Job
	Partitionable Resources :    Usage  Request Allocated Assigned
	   Cpus                 :        0        1         1 
	   Disk (KB)            :        1        1     82509 
	   Gpus (Average)       :                 1         1 "GPU-6a875de7"
	   Memory (MB)          :      522    20480     20480 

	Job terminated of its own accord at 2024-03-14T17:09:16Z with exit-code 1.
...
