000 (19324.000.000) 2024-03-14 15:44:24 Job submitted from host: <134.96.116.41:9618?addrs=134.96.116.41-9618&alias=submit.lsv.uni-saarland.de&noUDP&sock=schedd_1587_20e3>
...
001 (19324.000.000) 2024-03-14 15:44:24 Job executing on host: <134.96.116.40:9618?addrs=134.96.116.40-9618&alias=cl16lx.lsv.uni-saarland.de&noUDP&sock=startd_1569_c82f>
...
006 (19324.000.000) 2024-03-14 15:44:33 Image size of job updated: 237308
	2  -  MemoryUsage of job (MB)
	1560  -  ResidentSetSize of job (KB)
...
006 (19324.000.000) 2024-03-14 16:16:36 Image size of job updated: 237308
	995  -  MemoryUsage of job (MB)
	1018920  -  ResidentSetSize of job (KB)
...
004 (19324.000.000) 2024-03-14 16:16:36 Job was evicted.
	(0) CPU times
		Usr 0 00:10:13, Sys 0 00:04:15  -  Run Remote Usage
		Usr 0 00:00:00, Sys 0 00:00:00  -  Run Local Usage
	0  -  Run Bytes Sent By Job
	0  -  Run Bytes Received By Job
	Partitionable Resources :       Usage  Request Allocated Assigned
	   Cpus                 :        0.00        1         1 
	   Disk (KB)            :     1250        1250     82509 
	   Gpus (Average)       : 96526981.74        1         1 "GPU-2fca945f"
	   GpusMemory (MB)      :     5792                       
	   Memory (MB)          :      995       20480     20480 
...
009 (19324.000.000) 2024-03-14 16:16:36 Job was aborted.
...
