000 (19387.000.000) 2024-03-15 13:22:42 Job submitted from host: <134.96.116.41:9618?addrs=134.96.116.41-9618&alias=submit.lsv.uni-saarland.de&noUDP&sock=schedd_1587_20e3>
...
001 (19387.000.000) 2024-03-15 13:23:00 Job executing on host: <134.96.116.99:9618?addrs=134.96.116.99-9618&alias=cl18lx.lsv.uni-saarland.de&noUDP&sock=startd_3575_bb2a>
...
006 (19387.000.000) 2024-03-15 13:23:08 Image size of job updated: 227
	227  -  MemoryUsage of job (MB)
	233376  -  ResidentSetSize of job (KB)
...
006 (19387.000.000) 2024-03-15 13:28:09 Image size of job updated: 1129
	1129  -  MemoryUsage of job (MB)
	1156336  -  ResidentSetSize of job (KB)
...
006 (19387.000.000) 2024-03-15 13:33:09 Image size of job updated: 1129
	1129  -  MemoryUsage of job (MB)
	1156468  -  ResidentSetSize of job (KB)
...
006 (19387.000.000) 2024-03-15 13:48:09 Image size of job updated: 1129
	1129  -  MemoryUsage of job (MB)
	1156600  -  ResidentSetSize of job (KB)
...
006 (19387.000.000) 2024-03-15 14:23:14 Image size of job updated: 1129
	1129  -  MemoryUsage of job (MB)
	1156732  -  ResidentSetSize of job (KB)
...
005 (19387.000.000) 2024-03-15 22:15:54 Job terminated.
	(1) Normal termination (return value 0)
		Usr 0 04:23:15, Sys 0 04:31:14  -  Run Remote Usage
		Usr 0 00:00:00, Sys 0 00:00:00  -  Run Local Usage
		Usr 0 04:23:15, Sys 0 04:31:14  -  Total Remote Usage
		Usr 0 00:00:00, Sys 0 00:00:00  -  Total Local Usage
	0  -  Run Bytes Sent By Job
	0  -  Run Bytes Received By Job
	0  -  Total Bytes Sent By Job
	0  -  Total Bytes Received By Job
	Partitionable Resources :        Usage  Request Allocated Assigned
	   Cpus                 :         0.01        1         1 
	   Disk (KB)            :         1           1  13876737 
	   Gpus (Average)       : 207018906.92        1         1 "GPU-487d51fe"
	   GpusMemory (MB)      :     11685                       
	   Memory (MB)          :      1129       16384     16384 

	Job terminated of its own accord at 2024-03-15T21:15:54Z with exit-code 0.
...
