000 (19398.000.000) 2024-03-15 15:44:40 Job submitted from host: <134.96.116.41:9618?addrs=134.96.116.41-9618&alias=submit.lsv.uni-saarland.de&noUDP&sock=schedd_1587_20e3>
...
001 (19398.000.000) 2024-03-15 15:44:41 Job executing on host: <134.96.116.99:9618?addrs=134.96.116.99-9618&alias=cl18lx.lsv.uni-saarland.de&noUDP&sock=startd_3575_bb2a>
...
006 (19398.000.000) 2024-03-15 15:44:50 Image size of job updated: 233
	233  -  MemoryUsage of job (MB)
	238828  -  ResidentSetSize of job (KB)
...
006 (19398.000.000) 2024-03-15 15:45:05 Image size of job updated: 848
	848  -  MemoryUsage of job (MB)
	868968  -  ResidentSetSize of job (KB)
...
005 (19398.000.000) 2024-03-15 15:45:05 Job terminated.
	(1) Normal termination (return value 1)
		Usr 0 00:00:12, Sys 0 00:00:04  -  Run Remote Usage
		Usr 0 00:00:00, Sys 0 00:00:00  -  Run Local Usage
		Usr 0 00:00:12, Sys 0 00:00:04  -  Total Remote Usage
		Usr 0 00:00:00, Sys 0 00:00:00  -  Total Local Usage
	0  -  Run Bytes Sent By Job
	0  -  Run Bytes Received By Job
	0  -  Total Bytes Sent By Job
	0  -  Total Bytes Received By Job
	Partitionable Resources :    Usage  Request Allocated Assigned
	   Cpus                 :        0        1         1 
	   Disk (KB)            :        1        1  13876737 
	   Gpus (Average)       :                 1         1 "GPU-35eebd13"
	   Memory (MB)          :      848    16384     16384 

	Job terminated of its own accord at 2024-03-15T14:45:06Z with exit-code 1.
...
