000 (19499.000.000) 2024-03-17 07:06:25 Job submitted from host: <134.96.116.41:9618?addrs=134.96.116.41-9618&alias=submit.lsv.uni-saarland.de&noUDP&sock=schedd_1587_20e3>
...
001 (19499.000.000) 2024-03-17 07:06:25 Job executing on host: <134.96.116.99:9618?addrs=134.96.116.99-9618&alias=cl18lx.lsv.uni-saarland.de&noUDP&sock=startd_3575_bb2a>
...
006 (19499.000.000) 2024-03-17 07:06:34 Image size of job updated: 221
	221  -  MemoryUsage of job (MB)
	227300  -  ResidentSetSize of job (KB)
...
006 (19499.000.000) 2024-03-17 07:11:35 Image size of job updated: 643
	643  -  MemoryUsage of job (MB)
	658988  -  ResidentSetSize of job (KB)
...
006 (19499.000.000) 2024-03-17 07:16:35 Image size of job updated: 643
	643  -  MemoryUsage of job (MB)
	659036  -  ResidentSetSize of job (KB)
...
006 (19499.000.000) 2024-03-17 07:21:35 Image size of job updated: 643
	643  -  MemoryUsage of job (MB)
	659048  -  ResidentSetSize of job (KB)
...
006 (19499.000.000) 2024-03-17 08:06:42 Image size of job updated: 1186
	1186  -  MemoryUsage of job (MB)
	1215176  -  ResidentSetSize of job (KB)
...
006 (19499.000.000) 2024-03-17 08:26:45 Image size of job updated: 1528
	1528  -  MemoryUsage of job (MB)
	1565108  -  ResidentSetSize of job (KB)
...
006 (19499.000.000) 2024-03-17 08:31:45 Image size of job updated: 1528
	1528  -  MemoryUsage of job (MB)
	1565240  -  ResidentSetSize of job (KB)
...
006 (19499.000.000) 2024-03-17 08:56:49 Image size of job updated: 1528
	1528  -  MemoryUsage of job (MB)
	1565372  -  ResidentSetSize of job (KB)
...
006 (19499.000.000) 2024-03-17 09:01:49 Image size of job updated: 1537
	1537  -  MemoryUsage of job (MB)
	1573952  -  ResidentSetSize of job (KB)
...
006 (19499.000.000) 2024-03-17 09:46:53 Image size of job updated: 1537
	1537  -  MemoryUsage of job (MB)
	1574876  -  ResidentSetSize of job (KB)
...
006 (19499.000.000) 2024-03-17 13:52:26 Image size of job updated: 1538
	1538  -  MemoryUsage of job (MB)
	1575008  -  ResidentSetSize of job (KB)
...
