000 (19345.000.000) 2024-03-14 18:05:31 Job submitted from host: <134.96.116.41:9618?addrs=134.96.116.41-9618&alias=submit.lsv.uni-saarland.de&noUDP&sock=schedd_1587_20e3>
...
001 (19345.000.000) 2024-03-14 18:05:32 Job executing on host: <134.96.116.40:9618?addrs=134.96.116.40-9618&alias=cl16lx.lsv.uni-saarland.de&noUDP&sock=startd_1569_c82f>
...
006 (19345.000.000) 2024-03-14 18:05:41 Image size of job updated: 271
	271  -  MemoryUsage of job (MB)
	278300  -  ResidentSetSize of job (KB)
...
006 (19345.000.000) 2024-03-14 18:05:50 Image size of job updated: 390
	390  -  MemoryUsage of job (MB)
	399784  -  ResidentSetSize of job (KB)
...
005 (19345.000.000) 2024-03-14 18:05:50 Job terminated.
	(1) Normal termination (return value 1)
		Usr 0 00:00:14, Sys 0 00:00:02  -  Run Remote Usage
		Usr 0 00:00:00, Sys 0 00:00:00  -  Run Local Usage
		Usr 0 00:00:14, Sys 0 00:00:02  -  Total Remote Usage
		Usr 0 00:00:00, Sys 0 00:00:00  -  Total Local Usage
	0  -  Run Bytes Sent By Job
	0  -  Run Bytes Received By Job
	0  -  Total Bytes Sent By Job
	0  -  Total Bytes Received By Job
	Partitionable Resources :    Usage  Request Allocated Assigned
	   Cpus                 :        0        1         1 
	   Disk (KB)            :        1        1     82509 
	   Gpus (Average)       :                 1         1 "GPU-6a875de7"
	   Memory (MB)          :      390    20480     20480 

	Job terminated of its own accord at 2024-03-14T17:05:54Z with exit-code 1.
...
