000 (19396.000.000) 2024-03-15 14:38:12 Job submitted from host: <134.96.116.41:9618?addrs=134.96.116.41-9618&alias=submit.lsv.uni-saarland.de&noUDP&sock=schedd_1587_20e3>
...
001 (19396.000.000) 2024-03-15 14:38:16 Job executing on host: <134.96.116.99:9618?addrs=134.96.116.99-9618&alias=cl18lx.lsv.uni-saarland.de&noUDP&sock=startd_3575_bb2a>
...
006 (19396.000.000) 2024-03-15 14:38:24 Image size of job updated: 281
	281  -  MemoryUsage of job (MB)
	288296  -  ResidentSetSize of job (KB)
...
006 (19396.000.000) 2024-03-15 14:42:48 Image size of job updated: 749
	749  -  MemoryUsage of job (MB)
	767764  -  ResidentSetSize of job (KB)
...
005 (19396.000.000) 2024-03-15 14:42:48 Job terminated.
	(1) Normal termination (return value 1)
		Usr 0 00:00:28, Sys 0 00:00:43  -  Run Remote Usage
		Usr 0 00:00:00, Sys 0 00:00:00  -  Run Local Usage
		Usr 0 00:00:28, Sys 0 00:00:43  -  Total Remote Usage
		Usr 0 00:00:00, Sys 0 00:00:00  -  Total Local Usage
	0  -  Run Bytes Sent By Job
	0  -  Run Bytes Received By Job
	0  -  Total Bytes Sent By Job
	0  -  Total Bytes Received By Job
	Partitionable Resources :    Usage  Request Allocated Assigned
	   Cpus                 :     0.00        1         1 
	   Disk (KB)            :     1           1  13876737 
	   Gpus (Average)       :     0.00        1         1 "GPU-35eebd13"
	   GpusMemory (MB)      :  1259                       
	   Memory (MB)          :   749       16384     16384 

	Job terminated of its own accord at 2024-03-15T13:42:48Z with exit-code 1.
...
