000 (19359.000.000) 2024-03-14 23:06:50 Job submitted from host: <134.96.116.41:9618?addrs=134.96.116.41-9618&alias=submit.lsv.uni-saarland.de&noUDP&sock=schedd_1587_20e3>
...
001 (19359.000.000) 2024-03-14 23:06:51 Job executing on host: <134.96.116.99:9618?addrs=134.96.116.99-9618&alias=cl18lx.lsv.uni-saarland.de&noUDP&sock=startd_3575_bb2a>
...
006 (19359.000.000) 2024-03-14 23:07:00 Image size of job updated: 281
	281  -  MemoryUsage of job (MB)
	287816  -  ResidentSetSize of job (KB)
...
006 (19359.000.000) 2024-03-14 23:12:01 Image size of job updated: 1150
	1150  -  MemoryUsage of job (MB)
	1178128  -  ResidentSetSize of job (KB)
...
006 (19359.000.000) 2024-03-14 23:17:01 Image size of job updated: 1150
	1150  -  MemoryUsage of job (MB)
	1178260  -  ResidentSetSize of job (KB)
...
006 (19359.000.000) 2024-03-14 23:27:03 Image size of job updated: 1150
	1150  -  MemoryUsage of job (MB)
	1178392  -  ResidentSetSize of job (KB)
...
006 (19359.000.000) 2024-03-15 00:02:08 Image size of job updated: 1151
	1151  -  MemoryUsage of job (MB)
	1178656  -  ResidentSetSize of job (KB)
...
006 (19359.000.000) 2024-03-15 00:27:12 Image size of job updated: 1151
	1151  -  MemoryUsage of job (MB)
	1178788  -  ResidentSetSize of job (KB)
...
006 (19359.000.000) 2024-03-15 01:32:20 Image size of job updated: 1151
	1151  -  MemoryUsage of job (MB)
	1178920  -  ResidentSetSize of job (KB)
...
006 (19359.000.000) 2024-03-15 03:42:37 Image size of job updated: 1151
	1151  -  MemoryUsage of job (MB)
	1179052  -  ResidentSetSize of job (KB)
...
006 (19359.000.000) 2024-03-15 05:22:51 Image size of job updated: 1151
	1151  -  MemoryUsage of job (MB)
	1179184  -  ResidentSetSize of job (KB)
...
005 (19359.000.000) 2024-03-15 08:35:49 Job terminated.
	(1) Normal termination (return value 0)
		Usr 0 06:48:12, Sys 0 02:40:40  -  Run Remote Usage
		Usr 0 00:00:00, Sys 0 00:00:00  -  Run Local Usage
		Usr 0 06:48:12, Sys 0 02:40:40  -  Total Remote Usage
		Usr 0 00:00:00, Sys 0 00:00:00  -  Total Local Usage
	0  -  Run Bytes Sent By Job
	0  -  Run Bytes Received By Job
	0  -  Total Bytes Sent By Job
	0  -  Total Bytes Received By Job
	Partitionable Resources :        Usage  Request Allocated Assigned
	   Cpus                 :         0.00        1         1 
	   Disk (KB)            :         1           1  13876737 
	   Gpus (Average)       : 206622249.50        1         1 "GPU-41bae077"
	   GpusMemory (MB)      :      6697                       
	   Memory (MB)          :      1151       16384     16384 

	Job terminated of its own accord at 2024-03-15T07:35:50Z with exit-code 0.
...
