
=============
== PyTorch ==
=============

NVIDIA Release 24.01 (build 80741402)
PyTorch Version 2.2.0a0+81ea7a4

Container image Copyright (c) 2023, NVIDIA CORPORATION & AFFILIATES. All rights reserved.

Copyright (c) 2014-2023 Facebook Inc.
Copyright (c) 2011-2014 Idiap Research Institute (Ronan Collobert)
Copyright (c) 2012-2014 Deepmind Technologies    (Koray Kavukcuoglu)
Copyright (c) 2011-2012 NEC Laboratories America (Koray Kavukcuoglu)
Copyright (c) 2011-2013 NYU                      (Clement Farabet)
Copyright (c) 2006-2010 NEC Laboratories America (Ronan Collobert, Leon Bottou, Iain Melvin, Jason Weston)
Copyright (c) 2006      Idiap Research Institute (Samy Bengio)
Copyright (c) 2001-2004 Idiap Research Institute (Ronan Collobert, Samy Bengio, Johnny Mariethoz)
Copyright (c) 2015      Google Inc.
Copyright (c) 2015      Yangqing Jia
Copyright (c) 2013-2016 The Caffe contributors
All rights reserved.

Various files include modifications (c) NVIDIA CORPORATION & AFFILIATES.  All rights reserved.

This container image and its contents are governed by the NVIDIA Deep Learning Container License.
By pulling and using the container, you accept the terms and conditions of this license:
https://developer.nvidia.com/ngc/nvidia-deep-learning-container-license

NOTE: CUDA Forward Compatibility mode ENABLED.
  Using CUDA 12.3 driver version 545.23.08 with kernel driver version 525.85.12.
  See https://docs.nvidia.com/deploy/cuda-compatibility/ for details.

Language Model has hidden_size: 2048
freezing Model... (AutoModel)
Running on device: cuda
Epoch [1/100] took 318.20524644851685s
Train mean loss: 1.9820692568924567, train accuracy: 0.2088810984516506
Val mean loss: 2.106505850827472, val accuracy: 0.21962616822429906

TRAINING:
Labels predicted: 	 True targets: 	 Correct labels:
2170 			 1998 			 450
2383 			 2123 			 545
2196 			 1966 			 477
1645 			 1683 			 332
1374 			 1657 			 263
501 			 842 			 78
VALIDATION:
Labels predicted: 	 True targets: 	 Correct labels:
374 			 263 			 96
349 			 248 			 76
31 			 251 			 11
525 			 169 			 99
4 			 237 			 0
1 			 116 			 0
Max memory allocated: 4324404736; Memory allocated: 2159010304
Epoch [2/100] took 317.902352809906s
Train mean loss: 1.8939060068390452, train accuracy: 0.23877690135358848
Val mean loss: 1.9353107680445132, val accuracy: 0.20950155763239875

TRAINING:
Labels predicted: 	 True targets: 	 Correct labels:
2280 			 1998 			 549
2232 			 2123 			 546
2009 			 1966 			 502
1611 			 1683 			 382
1555 			 1657 			 334
582 			 842 			 139
VALIDATION:
Labels predicted: 	 True targets: 	 Correct labels:
637 			 263 			 137
550 			 248 			 101
2 			 251 			 0
23 			 169 			 6
69 			 237 			 25
3 			 116 			 0
Max memory allocated: 4324453376; Memory allocated: 2159420416
Epoch [3/100] took 318.11917781829834s
Train mean loss: 1.8801386793175963, train accuracy: 0.24997565488363035
Val mean loss: 2.4441472055008693, val accuracy: 0.20249221183800623

TRAINING:
Labels predicted: 	 True targets: 	 Correct labels:
2198 			 1998 			 554
2267 			 2123 			 597
2081 			 1966 			 538
1587 			 1683 			 410
1527 			 1657 			 343
609 			 842 			 125
VALIDATION:
Labels predicted: 	 True targets: 	 Correct labels:
0 			 263 			 0
1190 			 248 			 237
0 			 251 			 0
1 			 169 			 0
7 			 237 			 2
86 			 116 			 21
Max memory allocated: 4324453376; Memory allocated: 2159240192
Epoch [4/100] took 317.7972354888916s
Train mean loss: 1.8476730157560277, train accuracy: 0.26555652936021035
Val mean loss: 1.956086113586189, val accuracy: 0.21962616822429906

TRAINING:
Labels predicted: 	 True targets: 	 Correct labels:
2361 			 1998 			 632
2198 			 2123 			 583
1983 			 1966 			 563
1611 			 1683 			 442
1514 			 1657 			 365
602 			 842 			 142
VALIDATION:
Labels predicted: 	 True targets: 	 Correct labels:
115 			 263 			 27
178 			 248 			 49
8 			 251 			 3
12 			 169 			 4
936 			 237 			 187
35 			 116 			 12
Max memory allocated: 4324454400; Memory allocated: 2160592896
Epoch [5/100] took 318.003990650177s
Train mean loss: 1.8260225767844191, train accuracy: 0.27266530334015
Val mean loss: 1.9279030865023594, val accuracy: 0.2538940809968847

TRAINING:
Labels predicted: 	 True targets: 	 Correct labels:
2226 			 1998 			 636
2352 			 2123 			 666
2038 			 1966 			 550
1522 			 1683 			 426
1544 			 1657 			 370
587 			 842 			 152
VALIDATION:
Labels predicted: 	 True targets: 	 Correct labels:
37 			 263 			 17
489 			 248 			 113
47 			 251 			 22
300 			 169 			 76
404 			 237 			 94
7 			 116 			 4
Max memory allocated: 4324455424; Memory allocated: 2158699520
Epoch [6/100] took 317.78805661201477s
Train mean loss: 1.8094269660217368, train accuracy: 0.2844483396630636
Val mean loss: 2.0777534972066465, val accuracy: 0.21573208722741433

TRAINING:
Labels predicted: 	 True targets: 	 Correct labels:
2161 			 1998 			 612
2224 			 2123 			 689
2002 			 1966 			 591
1608 			 1683 			 465
1593 			 1657 			 388
681 			 842 			 176
VALIDATION:
Labels predicted: 	 True targets: 	 Correct labels:
181 			 263 			 53
880 			 248 			 179
18 			 251 			 6
1 			 169 			 0
202 			 237 			 38
2 			 116 			 1
Max memory allocated: 4324455424; Memory allocated: 2159150080
Epoch [7/100] took 318.02873182296753s
Train mean loss: 1.8132407597942144, train accuracy: 0.2897068847989093
Val mean loss: 2.0566707694012187, val accuracy: 0.24766355140186916

TRAINING:
Labels predicted: 	 True targets: 	 Correct labels:
2145 			 1998 			 623
2204 			 2123 			 647
2022 			 1966 			 609
1674 			 1683 			 499
1602 			 1657 			 441
622 			 842 			 156
VALIDATION:
Labels predicted: 	 True targets: 	 Correct labels:
792 			 263 			 192
316 			 248 			 77
13 			 251 			 6
136 			 169 			 39
25 			 237 			 4
2 			 116 			 0
Max memory allocated: 4324455424; Memory allocated: 2158969856
Epoch [8/100] took 317.6331763267517s
Train mean loss: 1.781306314784047, train accuracy: 0.30226896484565197
Val mean loss: 1.7890931153149339, val accuracy: 0.2842679127725857

TRAINING:
Labels predicted: 	 True targets: 	 Correct labels:
2316 			 1998 			 687
2194 			 2123 			 661
1953 			 1966 			 614
1639 			 1683 			 524
1608 			 1657 			 446
559 			 842 			 172
VALIDATION:
Labels predicted: 	 True targets: 	 Correct labels:
536 			 263 			 154
101 			 248 			 33
175 			 251 			 52
250 			 169 			 65
214 			 237 			 59
8 			 116 			 2
Max memory allocated: 4324455424; Memory allocated: 2158609408
Epoch [9/100] took 317.8291597366333s
Train mean loss: 1.766619353325939, train accuracy: 0.30139254065634435
Val mean loss: 2.045453634321319, val accuracy: 0.23052959501557632

TRAINING:
Labels predicted: 	 True targets: 	 Correct labels:
2251 			 1998 			 667
2226 			 2123 			 668
1965 			 1966 			 638
1632 			 1683 			 493
1560 			 1657 			 433
635 			 842 			 196
VALIDATION:
Labels predicted: 	 True targets: 	 Correct labels:
53 			 263 			 20
931 			 248 			 195
191 			 251 			 49
72 			 169 			 19
8 			 237 			 2
29 			 116 			 11
Max memory allocated: 4324455424; Memory allocated: 2157887488
Epoch [10/100] took 317.498361825943s
Train mean loss: 1.7678583516417263, train accuracy: 0.3097672606875061
Val mean loss: 1.8571302779713033, val accuracy: 0.23753894080996885

TRAINING:
Labels predicted: 	 True targets: 	 Correct labels:
2241 			 1998 			 673
2269 			 2123 			 723
1984 			 1966 			 637
1586 			 1683 			 504
1581 			 1657 			 445
608 			 842 			 199
VALIDATION:
Labels predicted: 	 True targets: 	 Correct labels:
403 			 263 			 99
150 			 248 			 42
114 			 251 			 43
118 			 169 			 35
51 			 237 			 17
448 			 116 			 69
Max memory allocated: 4324455424; Memory allocated: 2158247936
Epoch [11/100] took 318.2653901576996s
Train mean loss: 1.7487577887896066, train accuracy: 0.30986464115298473
Val mean loss: 1.8997256370805065, val accuracy: 0.2554517133956386

TRAINING:
Labels predicted: 	 True targets: 	 Correct labels:
2125 			 1998 			 678
2243 			 2123 			 700
1995 			 1966 			 647
1649 			 1683 			 517
1592 			 1657 			 445
665 			 842 			 195
VALIDATION:
Labels predicted: 	 True targets: 	 Correct labels:
213 			 263 			 61
97 			 248 			 28
553 			 251 			 137
52 			 169 			 18
182 			 237 			 41
187 			 116 			 43
Max memory allocated: 4324455424; Memory allocated: 2158789632
Epoch [12/100] took 317.8455295562744s
Train mean loss: 1.7295391425908169, train accuracy: 0.32096601421754795
Val mean loss: 1.8862896772645275, val accuracy: 0.2523364485981308

TRAINING:
Labels predicted: 	 True targets: 	 Correct labels:
2220 			 1998 			 703
2269 			 2123 			 722
2026 			 1966 			 661
1631 			 1683 			 534
1517 			 1657 			 464
606 			 842 			 212
VALIDATION:
Labels predicted: 	 True targets: 	 Correct labels:
47 			 263 			 17
276 			 248 			 73
348 			 251 			 93
196 			 169 			 43
371 			 237 			 82
46 			 116 			 16
Max memory allocated: 4324455424; Memory allocated: 2158609408
Epoch [13/100] took 317.655033826828s
Train mean loss: 1.7279114745023465, train accuracy: 0.3252507546986075
Val mean loss: 2.151624447810724, val accuracy: 0.2235202492211838

TRAINING:
Labels predicted: 	 True targets: 	 Correct labels:
2191 			 1998 			 725
2236 			 2123 			 739
2030 			 1966 			 693
1610 			 1683 			 543
1527 			 1657 			 427
675 			 842 			 213
VALIDATION:
Labels predicted: 	 True targets: 	 Correct labels:
9 			 263 			 4
34 			 248 			 10
107 			 251 			 37
17 			 169 			 4
932 			 237 			 193
185 			 116 			 39
Max memory allocated: 4324455424; Memory allocated: 2158609408
Epoch [14/100] took 317.8926384449005s
Train mean loss: 1.7106829797645966, train accuracy: 0.32914597331775247
Val mean loss: 2.2258830366667754, val accuracy: 0.18302180685358255

TRAINING:
Labels predicted: 	 True targets: 	 Correct labels:
2202 			 1998 			 758
2223 			 2123 			 740
1985 			 1966 			 667
1666 			 1683 			 554
1554 			 1657 			 465
639 			 842 			 196
VALIDATION:
Labels predicted: 	 True targets: 	 Correct labels:
27 			 263 			 12
93 			 248 			 23
13 			 251 			 6
1042 			 169 			 153
54 			 237 			 21
55 			 116 			 20
Max memory allocated: 4324455424; Memory allocated: 2159330304
Epoch [15/100] took 317.4931848049164s
Train mean loss: 1.6888368870610388, train accuracy: 0.33927354172752944
Val mean loss: 1.847640337410921, val accuracy: 0.2585669781931464

TRAINING:
Labels predicted: 	 True targets: 	 Correct labels:
2147 			 1998 			 725
2235 			 2123 			 771
2053 			 1966 			 713
1633 			 1683 			 574
1501 			 1657 			 470
700 			 842 			 231
VALIDATION:
Labels predicted: 	 True targets: 	 Correct labels:
293 			 263 			 89
134 			 248 			 36
466 			 251 			 114
214 			 169 			 44
74 			 237 			 23
103 			 116 			 26
Max memory allocated: 4324455424; Memory allocated: 2157977600
Epoch [16/100] took 316.706298828125s
Train mean loss: 1.697730479210708, train accuracy: 0.33031453890349594
Val mean loss: 2.1183761817327937, val accuracy: 0.21573208722741433

TRAINING:
Labels predicted: 	 True targets: 	 Correct labels:
2080 			 1998 			 715
2254 			 2123 			 747
2053 			 1966 			 672
1692 			 1683 			 556
1542 			 1657 			 490
648 			 842 			 212
VALIDATION:
Labels predicted: 	 True targets: 	 Correct labels:
68 			 263 			 22
773 			 248 			 146
66 			 251 			 21
20 			 169 			 7
353 			 237 			 79
4 			 116 			 2
Max memory allocated: 4324455424; Memory allocated: 2158969856
Epoch [17/100] took 316.2597486972809s
Train mean loss: 1.6875092846303714, train accuracy: 0.3382023566072646
Val mean loss: 1.8102385627557032, val accuracy: 0.26947040498442365

TRAINING:
Labels predicted: 	 True targets: 	 Correct labels:
2175 			 1998 			 737
2183 			 2123 			 724
2073 			 1966 			 700
1662 			 1683 			 589
1505 			 1657 			 495
671 			 842 			 228
VALIDATION:
Labels predicted: 	 True targets: 	 Correct labels:
270 			 263 			 81
239 			 248 			 55
197 			 251 			 52
172 			 169 			 52
324 			 237 			 78
82 			 116 			 28
Max memory allocated: 4324455424; Memory allocated: 2158157824
Epoch [18/100] took 316.6825752258301s
Train mean loss: 1.6967191455705886, train accuracy: 0.33976044405492256
Val mean loss: 1.891887322716091, val accuracy: 0.24143302180685358

TRAINING:
Labels predicted: 	 True targets: 	 Correct labels:
2165 			 1998 			 743
2248 			 2123 			 764
2010 			 1966 			 703
1617 			 1683 			 564
1537 			 1657 			 471
692 			 842 			 244
VALIDATION:
Labels predicted: 	 True targets: 	 Correct labels:
130 			 263 			 39
406 			 248 			 80
437 			 251 			 111
161 			 169 			 43
28 			 237 			 6
122 			 116 			 31
Max memory allocated: 4324455424; Memory allocated: 2159420416
Epoch [19/100] took 317.16652607917786s
Train mean loss: 1.6789202863739288, train accuracy: 0.3420975752264096
Val mean loss: 1.8732523451680723, val accuracy: 0.26090342679127726

TRAINING:
Labels predicted: 	 True targets: 	 Correct labels:
2054 			 1998 			 719
2245 			 2123 			 789
2067 			 1966 			 724
1664 			 1683 			 580
1556 			 1657 			 476
683 			 842 			 225
VALIDATION:
Labels predicted: 	 True targets: 	 Correct labels:
665 			 263 			 171
240 			 248 			 59
172 			 251 			 46
33 			 169 			 11
136 			 237 			 38
38 			 116 			 10
Max memory allocated: 4324455424; Memory allocated: 2157977600
Epoch [20/100] took 317.1879711151123s
Train mean loss: 1.6544556667407353, train accuracy: 0.3445320868633752
Val mean loss: 1.8387853321821794, val accuracy: 0.26869158878504673

TRAINING:
Labels predicted: 	 True targets: 	 Correct labels:
2181 			 1998 			 743
2150 			 2123 			 745
2080 			 1966 			 715
1646 			 1683 			 607
1526 			 1657 			 486
686 			 842 			 242
VALIDATION:
Labels predicted: 	 True targets: 	 Correct labels:
266 			 263 			 88
322 			 248 			 69
200 			 251 			 55
262 			 169 			 63
94 			 237 			 31
140 			 116 			 39
Max memory allocated: 4324455424; Memory allocated: 2158428160
Epoch [21/100] took 317.209543466568s
Train mean loss: 1.6506357536509029, train accuracy: 0.3483299250170416
Val mean loss: 2.515477330047892, val accuracy: 0.1838006230529595

TRAINING:
Labels predicted: 	 True targets: 	 Correct labels:
2152 			 1998 			 763
2330 			 2123 			 808
2007 			 1966 			 697
1616 			 1683 			 568
1503 			 1657 			 506
661 			 842 			 235
VALIDATION:
Labels predicted: 	 True targets: 	 Correct labels:
8 			 263 			 2
22 			 248 			 5
257 			 251 			 59
838 			 169 			 135
21 			 237 			 2
138 			 116 			 33
Max memory allocated: 4324455424; Memory allocated: 2157977600
Epoch [22/100] took 317.05977964401245s
Train mean loss: 1.664477976451039, train accuracy: 0.35358847015288736
Val mean loss: 1.9426944559405308, val accuracy: 0.27258566978193144

TRAINING:
Labels predicted: 	 True targets: 	 Correct labels:
2175 			 1998 			 756
2168 			 2123 			 782
2044 			 1966 			 757
1612 			 1683 			 586
1611 			 1657 			 517
659 			 842 			 233
VALIDATION:
Labels predicted: 	 True targets: 	 Correct labels:
729 			 263 			 183
144 			 248 			 41
194 			 251 			 58
89 			 169 			 29
42 			 237 			 13
86 			 116 			 26
Max memory allocated: 4324455424; Memory allocated: 2159510528
Epoch [23/100] took 317.11673045158386s
Train mean loss: 1.6629625166130957, train accuracy: 0.35982081994351933
Val mean loss: 1.974794216037537, val accuracy: 0.2585669781931464

TRAINING:
Labels predicted: 	 True targets: 	 Correct labels:
2150 			 1998 			 781
2179 			 2123 			 762
2000 			 1966 			 760
1720 			 1683 			 602
1538 			 1657 			 538
682 			 842 			 252
VALIDATION:
Labels predicted: 	 True targets: 	 Correct labels:
524 			 263 			 139
97 			 248 			 28
426 			 251 			 102
127 			 169 			 34
29 			 237 			 7
81 			 116 			 22
Max memory allocated: 4324455424; Memory allocated: 2157977600
Epoch [24/100] took 316.854496717453s
Train mean loss: 1.6323671388756078, train accuracy: 0.35855487389229723
Val mean loss: 1.9532865493193916, val accuracy: 0.2546728971962617

TRAINING:
Labels predicted: 	 True targets: 	 Correct labels:
2157 			 1998 			 739
2159 			 2123 			 763
2039 			 1966 			 764
1680 			 1683 			 628
1575 			 1657 			 536
659 			 842 			 252
VALIDATION:
Labels predicted: 	 True targets: 	 Correct labels:
477 			 263 			 124
236 			 248 			 57
143 			 251 			 39
55 			 169 			 15
146 			 237 			 42
227 			 116 			 50
Max memory allocated: 4324455424; Memory allocated: 2158157824
Epoch [25/100] took 317.5267310142517s
Train mean loss: 1.6902729670670917, train accuracy: 0.3538806115493232
Val mean loss: 2.068550549678921, val accuracy: 0.24376947040498442

TRAINING:
Labels predicted: 	 True targets: 	 Correct labels:
2181 			 1998 			 755
2196 			 2123 			 774
2087 			 1966 			 754
1606 			 1683 			 602
1527 			 1657 			 497
672 			 842 			 252
VALIDATION:
Labels predicted: 	 True targets: 	 Correct labels:
824 			 263 			 191
67 			 248 			 23
170 			 251 			 38
32 			 169 			 11
74 			 237 			 19
117 			 116 			 31
Max memory allocated: 4324753920; Memory allocated: 2157977600
Epoch [26/100] took 317.12339329719543s
Train mean loss: 1.6374811255764739, train accuracy: 0.36118414646022007
Val mean loss: 2.1907196541010223, val accuracy: 0.23753894080996885

TRAINING:
Labels predicted: 	 True targets: 	 Correct labels:
2204 			 1998 			 787
2182 			 2123 			 808
2033 			 1966 			 741
1578 			 1683 			 570
1593 			 1657 			 548
679 			 842 			 255
VALIDATION:
Labels predicted: 	 True targets: 	 Correct labels:
3 			 263 			 0
253 			 248 			 56
214 			 251 			 59
44 			 169 			 10
706 			 237 			 160
64 			 116 			 20
Max memory allocated: 4324753920; Memory allocated: 2158338048
Epoch [27/100] took 317.309761762619s
Train mean loss: 1.6214893105152612, train accuracy: 0.3671243548544162
Val mean loss: 1.9482055635926145, val accuracy: 0.2507788161993769

TRAINING:
Labels predicted: 	 True targets: 	 Correct labels:
2156 			 1998 			 812
2231 			 2123 			 802
2049 			 1966 			 764
1640 			 1683 			 593
1547 			 1657 			 533
646 			 842 			 266
VALIDATION:
Labels predicted: 	 True targets: 	 Correct labels:
273 			 263 			 71
255 			 248 			 63
503 			 251 			 119
27 			 169 			 7
157 			 237 			 39
69 			 116 			 23
Max memory allocated: 4324753920; Memory allocated: 2158338048
Epoch [28/100] took 316.83938121795654s
Train mean loss: 1.6247827881407515, train accuracy: 0.3628396143733567
Val mean loss: 1.989979322652639, val accuracy: 0.26869158878504673

TRAINING:
Labels predicted: 	 True targets: 	 Correct labels:
2143 			 1998 			 778
2314 			 2123 			 859
2000 			 1966 			 730
1616 			 1683 			 582
1517 			 1657 			 523
679 			 842 			 254
VALIDATION:
Labels predicted: 	 True targets: 	 Correct labels:
546 			 263 			 155
228 			 248 			 47
133 			 251 			 46
314 			 169 			 75
37 			 237 			 13
26 			 116 			 9
Max memory allocated: 4324753920; Memory allocated: 2160773120
Epoch [29/100] took 316.9775757789612s
Train mean loss: 1.624890083394875, train accuracy: 0.3655662674067582
Val mean loss: 2.0260090250406204, val accuracy: 0.2383177570093458

TRAINING:
Labels predicted: 	 True targets: 	 Correct labels:
2178 			 1998 			 777
2194 			 2123 			 808
2038 			 1966 			 753
1617 			 1683 			 624
1550 			 1657 			 530
692 			 842 			 262
VALIDATION:
Labels predicted: 	 True targets: 	 Correct labels:
22 			 263 			 7
724 			 248 			 159
200 			 251 			 50
150 			 169 			 39
35 			 237 			 8
153 			 116 			 43
Max memory allocated: 4324753920; Memory allocated: 2161495040
Epoch [30/100] took 317.6378164291382s
Train mean loss: 1.6116905299673943, train accuracy: 0.36644269159606585
Val mean loss: 2.0188436456348584, val accuracy: 0.25934579439252337

TRAINING:
Labels predicted: 	 True targets: 	 Correct labels:
2180 			 1998 			 756
2193 			 2123 			 810
2019 			 1966 			 750
1664 			 1683 			 624
1575 			 1657 			 570
638 			 842 			 253
VALIDATION:
Labels predicted: 	 True targets: 	 Correct labels:
404 			 263 			 116
337 			 248 			 78
50 			 251 			 25
370 			 169 			 84
69 			 237 			 15
54 			 116 			 15
Max memory allocated: 4324753920; Memory allocated: 2159510528
Epoch [31/100] took 317.112131357193s
Train mean loss: 1.6181152938310974, train accuracy: 0.3675138767163307
Val mean loss: 1.9053725944542736, val accuracy: 0.24532710280373832

TRAINING:
Labels predicted: 	 True targets: 	 Correct labels:
2193 			 1998 			 808
2227 			 2123 			 796
2009 			 1966 			 759
1633 			 1683 			 629
1519 			 1657 			 531
688 			 842 			 251
VALIDATION:
Labels predicted: 	 True targets: 	 Correct labels:
139 			 263 			 44
653 			 248 			 137
92 			 251 			 25
192 			 169 			 45
116 			 237 			 33
92 			 116 			 31
Max memory allocated: 4324753920; Memory allocated: 2160592896
Epoch [32/100] took 317.69536685943604s
Train mean loss: 1.61529547742037, train accuracy: 0.3733567046450482
Val mean loss: 2.044903540463181, val accuracy: 0.25

TRAINING:
Labels predicted: 	 True targets: 	 Correct labels:
2194 			 1998 			 800
2217 			 2123 			 823
1969 			 1966 			 761
1614 			 1683 			 634
1539 			 1657 			 541
736 			 842 			 275
VALIDATION:
Labels predicted: 	 True targets: 	 Correct labels:
135 			 263 			 41
26 			 248 			 11
281 			 251 			 72
350 			 169 			 77
424 			 237 			 101
68 			 116 			 19
Max memory allocated: 4324753920; Memory allocated: 2160592896
Epoch [33/100] took 316.8841464519501s
Train mean loss: 1.6274829033843454, train accuracy: 0.3676112571818093
Val mean loss: 2.2270401205335344, val accuracy: 0.23208722741433022

TRAINING:
Labels predicted: 	 True targets: 	 Correct labels:
2161 			 1998 			 776
2215 			 2123 			 825
2013 			 1966 			 763
1671 			 1683 			 622
1541 			 1657 			 528
668 			 842 			 261
VALIDATION:
Labels predicted: 	 True targets: 	 Correct labels:
6 			 263 			 0
827 			 248 			 179
141 			 251 			 38
135 			 169 			 34
42 			 237 			 9
133 			 116 			 38
Max memory allocated: 4324753920; Memory allocated: 2159780864
Epoch [34/100] took 317.2399032115936s
Train mean loss: 1.593948047341216, train accuracy: 0.37861524978089395
Val mean loss: 2.104494187402429, val accuracy: 0.21417445482866043

TRAINING:
Labels predicted: 	 True targets: 	 Correct labels:
2087 			 1998 			 803
2239 			 2123 			 832
2050 			 1966 			 784
1631 			 1683 			 633
1577 			 1657 			 554
685 			 842 			 282
VALIDATION:
Labels predicted: 	 True targets: 	 Correct labels:
70 			 263 			 21
375 			 248 			 84
31 			 251 			 11
660 			 169 			 113
108 			 237 			 29
40 			 116 			 17
Max memory allocated: 4324753920; Memory allocated: 2158609408
Epoch [35/100] took 317.277765750885s
Train mean loss: 1.5944312405177736, train accuracy: 0.37949167397020156
Val mean loss: 2.0488129802372144, val accuracy: 0.24922118380062305

TRAINING:
Labels predicted: 	 True targets: 	 Correct labels:
2143 			 1998 			 817
2280 			 2123 			 824
2020 			 1966 			 795
1657 			 1683 			 645
1524 			 1657 			 551
645 			 842 			 265
VALIDATION:
Labels predicted: 	 True targets: 	 Correct labels:
32 			 263 			 12
100 			 248 			 26
246 			 251 			 70
318 			 169 			 74
483 			 237 			 111
105 			 116 			 27
Max memory allocated: 4324753920; Memory allocated: 2159780864
Epoch [36/100] took 316.6303026676178s
Train mean loss: 1.5982105366166135, train accuracy: 0.37666764047132145
Val mean loss: 2.222712852940056, val accuracy: 0.22897196261682243

TRAINING:
Labels predicted: 	 True targets: 	 Correct labels:
2197 			 1998 			 812
2229 			 2123 			 849
2029 			 1966 			 761
1575 			 1683 			 606
1548 			 1657 			 570
691 			 842 			 270
VALIDATION:
Labels predicted: 	 True targets: 	 Correct labels:
230 			 263 			 85
209 			 248 			 47
16 			 251 			 8
761 			 169 			 129
58 			 237 			 20
10 			 116 			 5
Max memory allocated: 4324753920; Memory allocated: 2158247936
Epoch [37/100] took 317.47528076171875s
Train mean loss: 1.597691775714497, train accuracy: 0.3855292628298763
Val mean loss: 2.3757102585727385, val accuracy: 0.20015576323987538

TRAINING:
Labels predicted: 	 True targets: 	 Correct labels:
2117 			 1998 			 813
2136 			 2123 			 847
1974 			 1966 			 770
1699 			 1683 			 646
1609 			 1657 			 598
734 			 842 			 285
VALIDATION:
Labels predicted: 	 True targets: 	 Correct labels:
12 			 263 			 0
154 			 248 			 45
36 			 251 			 12
409 			 169 			 88
144 			 237 			 37
529 			 116 			 75
Max memory allocated: 4324753920; Memory allocated: 2157887488
Epoch [38/100] took 317.59129309654236s
Train mean loss: 1.581866206316933, train accuracy: 0.3804654786249878
Val mean loss: 2.034232399478462, val accuracy: 0.24610591900311526

TRAINING:
Labels predicted: 	 True targets: 	 Correct labels:
2147 			 1998 			 825
2177 			 2123 			 827
2025 			 1966 			 763
1607 			 1683 			 618
1617 			 1657 			 585
696 			 842 			 289
VALIDATION:
Labels predicted: 	 True targets: 	 Correct labels:
182 			 263 			 56
394 			 248 			 85
563 			 251 			 135
64 			 169 			 19
74 			 237 			 18
7 			 116 			 3
Max memory allocated: 4324753920; Memory allocated: 2158247936
Epoch [39/100] took 317.27272391319275s
Train mean loss: 1.5818776972011614, train accuracy: 0.3820235660726458
Val mean loss: 2.648845997656354, val accuracy: 0.2087227414330218

TRAINING:
Labels predicted: 	 True targets: 	 Correct labels:
2189 			 1998 			 836
2154 			 2123 			 833
1973 			 1966 			 776
1669 			 1683 			 630
1602 			 1657 			 577
682 			 842 			 271
VALIDATION:
Labels predicted: 	 True targets: 	 Correct labels:
79 			 263 			 29
3 			 248 			 1
429 			 251 			 107
63 			 169 			 19
52 			 237 			 15
658 			 116 			 97
Max memory allocated: 4324753920; Memory allocated: 2158428160
Epoch [40/100] took 317.0901379585266s
Train mean loss: 1.6154234320668046, train accuracy: 0.37705716233323594
Val mean loss: 2.116728731564113, val accuracy: 0.23598130841121495

TRAINING:
Labels predicted: 	 True targets: 	 Correct labels:
2132 			 1998 			 806
2216 			 2123 			 825
2067 			 1966 			 789
1668 			 1683 			 653
1509 			 1657 			 549
677 			 842 			 250
VALIDATION:
Labels predicted: 	 True targets: 	 Correct labels:
52 			 263 			 10
471 			 248 			 105
71 			 251 			 22
82 			 169 			 29
496 			 237 			 104
112 			 116 			 33
Max memory allocated: 4324753920; Memory allocated: 2158699520
Epoch [41/100] took 316.37763381004333s
Train mean loss: 1.5783377461529966, train accuracy: 0.3857240237608336
Val mean loss: 1.9969331781316249, val accuracy: 0.2538940809968847

TRAINING:
Labels predicted: 	 True targets: 	 Correct labels:
2171 			 1998 			 843
2197 			 2123 			 822
1946 			 1966 			 773
1646 			 1683 			 664
1627 			 1657 			 574
682 			 842 			 285
VALIDATION:
Labels predicted: 	 True targets: 	 Correct labels:
314 			 263 			 94
354 			 248 			 78
446 			 251 			 109
39 			 169 			 9
99 			 237 			 26
32 			 116 			 10
Max memory allocated: 4324753920; Memory allocated: 2158157824
Epoch [42/100] took 317.4810838699341s
Train mean loss: 1.5799269239850504, train accuracy: 0.384847599571526
Val mean loss: 1.9527696519164566, val accuracy: 0.23442367601246106

TRAINING:
Labels predicted: 	 True targets: 	 Correct labels:
2180 			 1998 			 812
2190 			 2123 			 828
1985 			 1966 			 780
1656 			 1683 			 640
1528 			 1657 			 585
730 			 842 			 307
VALIDATION:
Labels predicted: 	 True targets: 	 Correct labels:
92 			 263 			 29
264 			 248 			 59
219 			 251 			 63
444 			 169 			 86
190 			 237 			 45
75 			 116 			 19
Max memory allocated: 4324753920; Memory allocated: 2160592896
Epoch [43/100] took 317.6835129261017s
Train mean loss: 1.583468577247171, train accuracy: 0.3867952088810985
Val mean loss: 2.0319835425163646, val accuracy: 0.25

TRAINING:
Labels predicted: 	 True targets: 	 Correct labels:
2134 			 1998 			 809
2130 			 2123 			 822
2018 			 1966 			 772
1696 			 1683 			 675
1560 			 1657 			 597
731 			 842 			 297
VALIDATION:
Labels predicted: 	 True targets: 	 Correct labels:
76 			 263 			 24
422 			 248 			 99
249 			 251 			 68
30 			 169 			 9
327 			 237 			 76
180 			 116 			 45
Max memory allocated: 4324753920; Memory allocated: 2160232448
Epoch [44/100] took 317.51339387893677s
Train mean loss: 1.5831681478803403, train accuracy: 0.3880611549323206
Val mean loss: 2.361231789825866, val accuracy: 0.22429906542056074

TRAINING:
Labels predicted: 	 True targets: 	 Correct labels:
2167 			 1998 			 788
2211 			 2123 			 857
2016 			 1966 			 799
1644 			 1683 			 658
1534 			 1657 			 585
697 			 842 			 298
VALIDATION:
Labels predicted: 	 True targets: 	 Correct labels:
16 			 263 			 4
1031 			 248 			 215
14 			 251 			 6
65 			 169 			 21
91 			 237 			 18
67 			 116 			 24
Max memory allocated: 4324753920; Memory allocated: 2158157824
Epoch [45/100] took 316.92531967163086s
Train mean loss: 1.5691903182464968, train accuracy: 0.39351446099912357
Val mean loss: 1.9941473207118348, val accuracy: 0.26791277258566976

TRAINING:
Labels predicted: 	 True targets: 	 Correct labels:
2087 			 1998 			 806
2248 			 2123 			 867
1999 			 1966 			 824
1643 			 1683 			 670
1586 			 1657 			 580
706 			 842 			 294
VALIDATION:
Labels predicted: 	 True targets: 	 Correct labels:
366 			 263 			 111
24 			 248 			 7
334 			 251 			 86
277 			 169 			 66
187 			 237 			 47
96 			 116 			 27
Max memory allocated: 4324753920; Memory allocated: 2157797376
Epoch [46/100] took 317.1742944717407s
Train mean loss: 1.5676106404385464, train accuracy: 0.39497516798130294
Val mean loss: 2.1010347456665515, val accuracy: 0.26401869158878505

TRAINING:
Labels predicted: 	 True targets: 	 Correct labels:
2154 			 1998 			 850
2170 			 2123 			 879
1979 			 1966 			 793
1678 			 1683 			 658
1605 			 1657 			 586
683 			 842 			 290
VALIDATION:
Labels predicted: 	 True targets: 	 Correct labels:
63 			 263 			 21
207 			 248 			 51
131 			 251 			 42
335 			 169 			 85
468 			 237 			 111
80 			 116 			 29
Max memory allocated: 4324753920; Memory allocated: 2158247936
Epoch [47/100] took 317.68116521835327s
Train mean loss: 1.5678110850330824, train accuracy: 0.39020352517285034
Val mean loss: 2.0056580297695183, val accuracy: 0.2546728971962617

TRAINING:
Labels predicted: 	 True targets: 	 Correct labels:
2091 			 1998 			 830
2239 			 2123 			 849
2025 			 1966 			 798
1626 			 1683 			 655
1583 			 1657 			 587
705 			 842 			 288
VALIDATION:
Labels predicted: 	 True targets: 	 Correct labels:
359 			 263 			 102
525 			 248 			 115
79 			 251 			 26
41 			 169 			 10
202 			 237 			 50
78 			 116 			 24
Max memory allocated: 4324753920; Memory allocated: 2157977600
Epoch [48/100] took 316.38362216949463s
Train mean loss: 1.5750699100371832, train accuracy: 0.39107994936215795
Val mean loss: 2.072616412032465, val accuracy: 0.24376947040498442

TRAINING:
Labels predicted: 	 True targets: 	 Correct labels:
2142 			 1998 			 825
2149 			 2123 			 858
2010 			 1966 			 802
1683 			 1683 			 655
1602 			 1657 			 576
683 			 842 			 300
VALIDATION:
Labels predicted: 	 True targets: 	 Correct labels:
303 			 263 			 85
333 			 248 			 79
29 			 251 			 7
480 			 169 			 102
60 			 237 			 20
79 			 116 			 20
Max memory allocated: 4324753920; Memory allocated: 2158157824
Epoch [49/100] took 317.22126817703247s
Train mean loss: 1.5569625062827381, train accuracy: 0.3947804070503457
Val mean loss: 1.951757031938304, val accuracy: 0.2733644859813084

TRAINING:
Labels predicted: 	 True targets: 	 Correct labels:
2064 			 1998 			 821
2201 			 2123 			 846
2053 			 1966 			 841
1637 			 1683 			 632
1603 			 1657 			 611
711 			 842 			 303
VALIDATION:
Labels predicted: 	 True targets: 	 Correct labels:
503 			 263 			 140
179 			 248 			 44
422 			 251 			 119
31 			 169 			 10
102 			 237 			 24
47 			 116 			 14
Max memory allocated: 4324753920; Memory allocated: 2157797376
Epoch [50/100] took 316.0956015586853s
Train mean loss: 1.552000304666635, train accuracy: 0.39955204985879833
Val mean loss: 2.1359775510633954, val accuracy: 0.235202492211838

TRAINING:
Labels predicted: 	 True targets: 	 Correct labels:
2131 			 1998 			 846
2147 			 2123 			 871
2042 			 1966 			 829
1645 			 1683 			 660
1607 			 1657 			 607
697 			 842 			 290
VALIDATION:
Labels predicted: 	 True targets: 	 Correct labels:
69 			 263 			 23
122 			 248 			 28
70 			 251 			 27
537 			 169 			 110
445 			 237 			 100
41 			 116 			 14
Max memory allocated: 4324753920; Memory allocated: 2158067712
Epoch [51/100] took 317.1694059371948s
Train mean loss: 1.5400318312125043, train accuracy: 0.4020839419612426
Val mean loss: 2.003079785323291, val accuracy: 0.26557632398753894

TRAINING:
Labels predicted: 	 True targets: 	 Correct labels:
2118 			 1998 			 845
2217 			 2123 			 895
2021 			 1966 			 814
1678 			 1683 			 714
1529 			 1657 			 590
706 			 842 			 271
VALIDATION:
Labels predicted: 	 True targets: 	 Correct labels:
393 			 263 			 115
204 			 248 			 47
269 			 251 			 73
291 			 169 			 66
80 			 237 			 27
47 			 116 			 13
Max memory allocated: 4324753920; Memory allocated: 2159420416
Epoch [52/100] took 316.9360990524292s
Train mean loss: 1.543867984386248, train accuracy: 0.3975070600837472
Val mean loss: 2.2182325687467683, val accuracy: 0.21573208722741433

TRAINING:
Labels predicted: 	 True targets: 	 Correct labels:
2138 			 1998 			 834
2150 			 2123 			 856
2021 			 1966 			 804
1684 			 1683 			 657
1550 			 1657 			 629
726 			 842 			 302
VALIDATION:
Labels predicted: 	 True targets: 	 Correct labels:
140 			 263 			 39
84 			 248 			 24
54 			 251 			 20
701 			 169 			 123
251 			 237 			 55
54 			 116 			 16
Max memory allocated: 4324753920; Memory allocated: 2158518272
Epoch [53/100] took 317.5876660346985s
Train mean loss: 1.55769407092318, train accuracy: 0.3966306358944396
Val mean loss: 2.049360796531535, val accuracy: 0.2383177570093458

TRAINING:
Labels predicted: 	 True targets: 	 Correct labels:
2139 			 1998 			 843
2152 			 2123 			 842
2050 			 1966 			 814
1622 			 1683 			 640
1587 			 1657 			 623
719 			 842 			 311
VALIDATION:
Labels predicted: 	 True targets: 	 Correct labels:
87 			 263 			 34
136 			 248 			 28
92 			 251 			 25
368 			 169 			 90
402 			 237 			 86
199 			 116 			 43
Max memory allocated: 4324753920; Memory allocated: 2158067712
Epoch [54/100] took 317.3774604797363s
Train mean loss: 1.5378712830931598, train accuracy: 0.40461583406368684
Val mean loss: 2.028422000615493, val accuracy: 0.2757009345794392

TRAINING:
Labels predicted: 	 True targets: 	 Correct labels:
2106 			 1998 			 832
2188 			 2123 			 891
2020 			 1966 			 837
1691 			 1683 			 698
1555 			 1657 			 602
709 			 842 			 295
VALIDATION:
Labels predicted: 	 True targets: 	 Correct labels:
579 			 263 			 160
98 			 248 			 29
329 			 251 			 96
100 			 169 			 23
127 			 237 			 33
51 			 116 			 13
Max memory allocated: 4324753920; Memory allocated: 2159780864
Epoch [55/100] took 317.06455636024475s
Train mean loss: 1.5458788208640253, train accuracy: 0.4073424870970883
Val mean loss: 2.0375908709460906, val accuracy: 0.24922118380062305

TRAINING:
Labels predicted: 	 True targets: 	 Correct labels:
2139 			 1998 			 867
2230 			 2123 			 925
2033 			 1966 			 822
1592 			 1683 			 668
1554 			 1657 			 606
721 			 842 			 295
VALIDATION:
Labels predicted: 	 True targets: 	 Correct labels:
140 			 263 			 45
250 			 248 			 54
286 			 251 			 72
22 			 169 			 7
419 			 237 			 99
167 			 116 			 43
Max memory allocated: 4324753920; Memory allocated: 2157797376
Epoch [56/100] took 317.0363051891327s
Train mean loss: 1.5534727037927816, train accuracy: 0.40091537637549907
Val mean loss: 2.2880167094817074, val accuracy: 0.21573208722741433

TRAINING:
Labels predicted: 	 True targets: 	 Correct labels:
2118 			 1998 			 849
2140 			 2123 			 841
2003 			 1966 			 820
1667 			 1683 			 681
1597 			 1657 			 613
744 			 842 			 313
VALIDATION:
Labels predicted: 	 True targets: 	 Correct labels:
35 			 263 			 10
284 			 248 			 74
176 			 251 			 49
697 			 169 			 114
44 			 237 			 10
48 			 116 			 20
Max memory allocated: 4324753920; Memory allocated: 2158609408
Epoch [57/100] took 317.2057213783264s
Train mean loss: 1.555547097715262, train accuracy: 0.4001363326516701
Val mean loss: 2.2306676125674514, val accuracy: 0.23052959501557632

TRAINING:
Labels predicted: 	 True targets: 	 Correct labels:
2141 			 1998 			 842
2254 			 2123 			 902
1993 			 1966 			 814
1648 			 1683 			 683
1517 			 1657 			 561
716 			 842 			 307
VALIDATION:
Labels predicted: 	 True targets: 	 Correct labels:
236 			 263 			 59
114 			 248 			 35
58 			 251 			 16
53 			 169 			 14
715 			 237 			 145
108 			 116 			 27
Max memory allocated: 4324753920; Memory allocated: 2158338048
Epoch [58/100] took 317.39540362358093s
Train mean loss: 1.5326832143409972, train accuracy: 0.4082189112863959
Val mean loss: 2.0513229466373137, val accuracy: 0.26246105919003115

TRAINING:
Labels predicted: 	 True targets: 	 Correct labels:
2098 			 1998 			 864
2185 			 2123 			 876
2038 			 1966 			 838
1633 			 1683 			 665
1568 			 1657 			 616
747 			 842 			 333
VALIDATION:
Labels predicted: 	 True targets: 	 Correct labels:
386 			 263 			 111
87 			 248 			 19
74 			 251 			 28
466 			 169 			 99
226 			 237 			 63
45 			 116 			 17
Max memory allocated: 4324753920; Memory allocated: 2158338048
Epoch [59/100] took 316.8327808380127s
Train mean loss: 1.5188035163738274, train accuracy: 0.4077320089590028
Val mean loss: 2.0387996272270725, val accuracy: 0.2538940809968847

TRAINING:
Labels predicted: 	 True targets: 	 Correct labels:
2112 			 1998 			 851
2215 			 2123 			 896
1972 			 1966 			 819
1683 			 1683 			 688
1599 			 1657 			 625
688 			 842 			 308
VALIDATION:
Labels predicted: 	 True targets: 	 Correct labels:
132 			 263 			 39
362 			 248 			 84
108 			 251 			 32
224 			 169 			 61
430 			 237 			 98
28 			 116 			 12
Max memory allocated: 4324753920; Memory allocated: 2158969856
Epoch [60/100] took 316.70083475112915s
Train mean loss: 1.5421322167755287, train accuracy: 0.4114324666471906
Val mean loss: 2.128097665976293, val accuracy: 0.2562305295950156

TRAINING:
Labels predicted: 	 True targets: 	 Correct labels:
2115 			 1998 			 874
2194 			 2123 			 880
2010 			 1966 			 838
1637 			 1683 			 687
1572 			 1657 			 636
741 			 842 			 310
VALIDATION:
Labels predicted: 	 True targets: 	 Correct labels:
476 			 263 			 131
45 			 248 			 17
466 			 251 			 112
191 			 169 			 40
84 			 237 			 24
22 			 116 			 5
Max memory allocated: 4324753920; Memory allocated: 2157256704
Epoch [61/100] took 317.35652232170105s
Train mean loss: 1.5246503912956915, train accuracy: 0.4164962508520791
Val mean loss: 2.0811500727019694, val accuracy: 0.26947040498442365

TRAINING:
Labels predicted: 	 True targets: 	 Correct labels:
2137 			 1998 			 893
2175 			 2123 			 889
2027 			 1966 			 851
1608 			 1683 			 696
1607 			 1657 			 634
715 			 842 			 314
VALIDATION:
Labels predicted: 	 True targets: 	 Correct labels:
553 			 263 			 152
264 			 248 			 58
343 			 251 			 95
44 			 169 			 14
29 			 237 			 10
51 			 116 			 17
Max memory allocated: 4324753920; Memory allocated: 2157527040
Epoch [62/100] took 316.6132700443268s
Train mean loss: 1.546198825737769, train accuracy: 0.4053948777875158
Val mean loss: 2.1253698953190203, val accuracy: 0.24610591900311526

TRAINING:
Labels predicted: 	 True targets: 	 Correct labels:
2078 			 1998 			 842
2248 			 2123 			 910
1999 			 1966 			 810
1630 			 1683 			 660
1603 			 1657 			 618
711 			 842 			 323
VALIDATION:
Labels predicted: 	 True targets: 	 Correct labels:
125 			 263 			 41
34 			 248 			 11
482 			 251 			 121
293 			 169 			 59
231 			 237 			 53
119 			 116 			 31
Max memory allocated: 4324753920; Memory allocated: 2158157824
Epoch [63/100] took 317.30221462249756s
Train mean loss: 1.5266132210831034, train accuracy: 0.4106534229233616
Val mean loss: 2.234726083204613, val accuracy: 0.24610591900311526

TRAINING:
Labels predicted: 	 True targets: 	 Correct labels:
2126 			 1998 			 832
2180 			 2123 			 922
2025 			 1966 			 849
1638 			 1683 			 703
1515 			 1657 			 590
785 			 842 			 321
VALIDATION:
Labels predicted: 	 True targets: 	 Correct labels:
15 			 263 			 4
481 			 248 			 103
56 			 251 			 21
255 			 169 			 69
288 			 237 			 73
189 			 116 			 46
Max memory allocated: 4324753920; Memory allocated: 2158067712
Epoch [64/100] took 316.87446689605713s
Train mean loss: 1.5101249470981852, train accuracy: 0.4156198266627715
Val mean loss: 2.162959606751152, val accuracy: 0.2336448598130841

TRAINING:
Labels predicted: 	 True targets: 	 Correct labels:
2077 			 1998 			 850
2227 			 2123 			 913
2020 			 1966 			 830
1650 			 1683 			 702
1581 			 1657 			 662
714 			 842 			 311
VALIDATION:
Labels predicted: 	 True targets: 	 Correct labels:
169 			 263 			 54
81 			 248 			 16
368 			 251 			 95
487 			 169 			 91
156 			 237 			 35
23 			 116 			 9
Max memory allocated: 4324753920; Memory allocated: 2157707264
Epoch [65/100] took 317.59388399124146s
Train mean loss: 1.526827788334398, train accuracy: 0.4072451066316097
Val mean loss: 2.322610020637512, val accuracy: 0.21651090342679127

TRAINING:
Labels predicted: 	 True targets: 	 Correct labels:
2095 			 1998 			 833
2200 			 2123 			 887
2053 			 1966 			 835
1634 			 1683 			 670
1583 			 1657 			 635
704 			 842 			 322
VALIDATION:
Labels predicted: 	 True targets: 	 Correct labels:
39 			 263 			 10
970 			 248 			 193
67 			 251 			 17
133 			 169 			 35
28 			 237 			 9
47 			 116 			 14
Max memory allocated: 4324753920; Memory allocated: 2160232448
Epoch [66/100] took 316.8100471496582s
Train mean loss: 1.5216746321441228, train accuracy: 0.40860843314831047
Val mean loss: 2.2934864333697726, val accuracy: 0.25934579439252337

TRAINING:
Labels predicted: 	 True targets: 	 Correct labels:
2173 			 1998 			 872
2200 			 2123 			 881
1971 			 1966 			 816
1620 			 1683 			 681
1574 			 1657 			 626
731 			 842 			 320
VALIDATION:
Labels predicted: 	 True targets: 	 Correct labels:
381 			 263 			 109
423 			 248 			 94
234 			 251 			 65
3 			 169 			 0
212 			 237 			 57
31 			 116 			 8
Max memory allocated: 4324753920; Memory allocated: 2159510528
Epoch [67/100] took 317.2463490962982s
Train mean loss: 1.5416867931451752, train accuracy: 0.4123088908364982
Val mean loss: 2.801301289789425, val accuracy: 0.22429906542056074

TRAINING:
Labels predicted: 	 True targets: 	 Correct labels:
2123 			 1998 			 875
2201 			 2123 			 896
2002 			 1966 			 840
1663 			 1683 			 688
1556 			 1657 			 608
724 			 842 			 327
VALIDATION:
Labels predicted: 	 True targets: 	 Correct labels:
2 			 263 			 0
46 			 248 			 12
167 			 251 			 44
188 			 169 			 44
845 			 237 			 177
36 			 116 			 11
Max memory allocated: 4324753920; Memory allocated: 2158428160
Epoch [68/100] took 316.91426491737366s
Train mean loss: 1.5161766036184405, train accuracy: 0.41795695783425846
Val mean loss: 2.226747923015808, val accuracy: 0.2507788161993769

TRAINING:
Labels predicted: 	 True targets: 	 Correct labels:
2079 			 1998 			 832
2187 			 2123 			 926
2029 			 1966 			 868
1630 			 1683 			 706
1593 			 1657 			 632
751 			 842 			 328
VALIDATION:
Labels predicted: 	 True targets: 	 Correct labels:
386 			 263 			 105
79 			 248 			 23
40 			 251 			 12
379 			 169 			 82
369 			 237 			 90
31 			 116 			 10
Max memory allocated: 4324753920; Memory allocated: 2159870976
Epoch [69/100] took 316.61951208114624s
Train mean loss: 1.5133012161355153, train accuracy: 0.41221151037101955
Val mean loss: 2.093314978646936, val accuracy: 0.2616822429906542

TRAINING:
Labels predicted: 	 True targets: 	 Correct labels:
2039 			 1998 			 852
2199 			 2123 			 917
1994 			 1966 			 813
1675 			 1683 			 703
1622 			 1657 			 625
740 			 842 			 323
VALIDATION:
Labels predicted: 	 True targets: 	 Correct labels:
315 			 263 			 92
244 			 248 			 59
478 			 251 			 122
150 			 169 			 35
51 			 237 			 15
46 			 116 			 13
Max memory allocated: 4324753920; Memory allocated: 2159330304
Epoch [70/100] took 317.3542945384979s
Train mean loss: 1.495828398895041, train accuracy: 0.4210731327295745
Val mean loss: 2.1939007850907606, val accuracy: 0.22897196261682243

TRAINING:
Labels predicted: 	 True targets: 	 Correct labels:
2145 			 1998 			 876
2167 			 2123 			 929
2024 			 1966 			 864
1652 			 1683 			 703
1582 			 1657 			 626
699 			 842 			 326
VALIDATION:
Labels predicted: 	 True targets: 	 Correct labels:
264 			 263 			 70
784 			 248 			 156
51 			 251 			 15
44 			 169 			 13
123 			 237 			 34
18 			 116 			 6
Max memory allocated: 4324753920; Memory allocated: 2159240192
Epoch [71/100] took 316.3547508716583s
Train mean loss: 1.509490849351586, train accuracy: 0.41513292433537835
Val mean loss: 2.0646244213447806, val accuracy: 0.25

TRAINING:
Labels predicted: 	 True targets: 	 Correct labels:
2091 			 1998 			 852
2186 			 2123 			 902
2060 			 1966 			 874
1696 			 1683 			 703
1535 			 1657 			 619
701 			 842 			 313
VALIDATION:
Labels predicted: 	 True targets: 	 Correct labels:
253 			 263 			 79
110 			 248 			 23
261 			 251 			 75
86 			 169 			 26
227 			 237 			 58
347 			 116 			 60
Max memory allocated: 4324753920; Memory allocated: 2158247936
Epoch [72/100] took 317.31546807289124s
Train mean loss: 1.5170173914261695, train accuracy: 0.42097575226409584
Val mean loss: 2.2437864182898717, val accuracy: 0.2733644859813084

TRAINING:
Labels predicted: 	 True targets: 	 Correct labels:
2100 			 1998 			 868
2151 			 2123 			 929
2035 			 1966 			 841
1657 			 1683 			 727
1612 			 1657 			 628
714 			 842 			 330
VALIDATION:
Labels predicted: 	 True targets: 	 Correct labels:
594 			 263 			 168
37 			 248 			 12
132 			 251 			 44
409 			 169 			 90
83 			 237 			 25
29 			 116 			 12
Max memory allocated: 4324753920; Memory allocated: 2158789632
Epoch [73/100] took 316.8605282306671s
Train mean loss: 1.5173121679609067, train accuracy: 0.41464602200798517
Val mean loss: 2.58912182779786, val accuracy: 0.2546728971962617

TRAINING:
Labels predicted: 	 True targets: 	 Correct labels:
2131 			 1998 			 875
2112 			 2123 			 882
2005 			 1966 			 858
1675 			 1683 			 671
1614 			 1657 			 637
732 			 842 			 335
VALIDATION:
Labels predicted: 	 True targets: 	 Correct labels:
722 			 263 			 182
84 			 248 			 21
132 			 251 			 39
310 			 169 			 72
12 			 237 			 5
24 			 116 			 8
Max memory allocated: 4324753920; Memory allocated: 2158518272
Epoch [74/100] took 317.0598874092102s
Train mean loss: 1.5020270113168848, train accuracy: 0.4168857727139936
Val mean loss: 2.1862185889889734, val accuracy: 0.2632398753894081

TRAINING:
Labels predicted: 	 True targets: 	 Correct labels:
2106 			 1998 			 887
2260 			 2123 			 896
1993 			 1966 			 825
1647 			 1683 			 692
1550 			 1657 			 640
713 			 842 			 341
VALIDATION:
Labels predicted: 	 True targets: 	 Correct labels:
609 			 263 			 161
35 			 248 			 13
125 			 251 			 32
289 			 169 			 72
201 			 237 			 50
25 			 116 			 10
Max memory allocated: 4324753920; Memory allocated: 2158518272
Epoch [75/100] took 317.2049572467804s
Train mean loss: 1.52806197227533, train accuracy: 0.4166910117830363
Val mean loss: 2.27206520042064, val accuracy: 0.2601246105919003

TRAINING:
Labels predicted: 	 True targets: 	 Correct labels:
2052 			 1998 			 848
2216 			 2123 			 909
2011 			 1966 			 847
1633 			 1683 			 705
1629 			 1657 			 642
728 			 842 			 328
VALIDATION:
Labels predicted: 	 True targets: 	 Correct labels:
459 			 263 			 128
90 			 248 			 25
107 			 251 			 33
250 			 169 			 60
227 			 237 			 51
151 			 116 			 37
Max memory allocated: 4324753920; Memory allocated: 2157887488
Epoch [76/100] took 316.81283688545227s
Train mean loss: 1.4952665970797108, train accuracy: 0.4193202843509592
Val mean loss: 2.2796559489291646, val accuracy: 0.2367601246105919

TRAINING:
Labels predicted: 	 True targets: 	 Correct labels:
2096 			 1998 			 883
2119 			 2123 			 906
2016 			 1966 			 848
1664 			 1683 			 705
1627 			 1657 			 644
747 			 842 			 320
VALIDATION:
Labels predicted: 	 True targets: 	 Correct labels:
470 			 263 			 112
275 			 248 			 56
331 			 251 			 81
157 			 169 			 42
29 			 237 			 6
22 			 116 			 7
Max memory allocated: 4324753920; Memory allocated: 2158157824
Epoch [77/100] took 316.71946024894714s
Train mean loss: 1.5178454192906525, train accuracy: 0.41922290388548056
Val mean loss: 2.1435296794642573, val accuracy: 0.23909657320872274

TRAINING:
Labels predicted: 	 True targets: 	 Correct labels:
2115 			 1998 			 886
2170 			 2123 			 914
2026 			 1966 			 858
1644 			 1683 			 680
1595 			 1657 			 623
719 			 842 			 344
VALIDATION:
Labels predicted: 	 True targets: 	 Correct labels:
96 			 263 			 28
651 			 248 			 140
111 			 251 			 32
144 			 169 			 37
88 			 237 			 25
194 			 116 			 45
Max memory allocated: 4324753920; Memory allocated: 2158247936
Epoch [78/100] took 316.9727804660797s
Train mean loss: 1.5082037086334554, train accuracy: 0.4142565001460707
Val mean loss: 2.256457241055388, val accuracy: 0.2507788161993769

TRAINING:
Labels predicted: 	 True targets: 	 Correct labels:
2086 			 1998 			 872
2130 			 2123 			 898
2049 			 1966 			 859
1659 			 1683 			 694
1613 			 1657 			 617
732 			 842 			 314
VALIDATION:
Labels predicted: 	 True targets: 	 Correct labels:
692 			 263 			 175
125 			 248 			 27
179 			 251 			 51
29 			 169 			 8
254 			 237 			 60
5 			 116 			 1
Max memory allocated: 4324753920; Memory allocated: 2159780864
Epoch [79/100] took 317.1907539367676s
Train mean loss: 1.505374192263107, train accuracy: 0.4182490992306943
Val mean loss: 2.1569092151541147, val accuracy: 0.2616822429906542

TRAINING:
Labels predicted: 	 True targets: 	 Correct labels:
2110 			 1998 			 889
2189 			 2123 			 907
1985 			 1966 			 840
1643 			 1683 			 690
1593 			 1657 			 645
749 			 842 			 324
VALIDATION:
Labels predicted: 	 True targets: 	 Correct labels:
736 			 263 			 183
174 			 248 			 41
191 			 251 			 56
48 			 169 			 18
111 			 237 			 30
24 			 116 			 8
Max memory allocated: 4324753920; Memory allocated: 2159059968
Epoch [80/100] took 316.49362325668335s
Train mean loss: 1.5047974911434256, train accuracy: 0.42068361086765993
Val mean loss: 2.180859561292281, val accuracy: 0.25934579439252337

TRAINING:
Labels predicted: 	 True targets: 	 Correct labels:
2122 			 1998 			 878
2163 			 2123 			 909
2012 			 1966 			 855
1621 			 1683 			 700
1621 			 1657 			 641
730 			 842 			 337
VALIDATION:
Labels predicted: 	 True targets: 	 Correct labels:
313 			 263 			 98
248 			 248 			 54
502 			 251 			 121
145 			 169 			 36
57 			 237 			 16
19 			 116 			 8
Max memory allocated: 4324753920; Memory allocated: 2159961088
Epoch [81/100] took 317.1251780986786s
Train mean loss: 1.488648178189343, train accuracy: 0.4228259811081897
Val mean loss: 2.489362459005036, val accuracy: 0.2468847352024922

TRAINING:
Labels predicted: 	 True targets: 	 Correct labels:
2106 			 1998 			 873
2162 			 2123 			 923
1995 			 1966 			 838
1683 			 1683 			 712
1588 			 1657 			 656
735 			 842 			 340
VALIDATION:
Labels predicted: 	 True targets: 	 Correct labels:
623 			 263 			 153
246 			 248 			 55
147 			 251 			 44
64 			 169 			 20
3 			 237 			 1
201 			 116 			 44
Max memory allocated: 4324753920; Memory allocated: 2158969856
Epoch [82/100] took 317.0561316013336s
Train mean loss: 1.4879324988134182, train accuracy: 0.4236050248320187
Val mean loss: 2.131905758603019, val accuracy: 0.25778816199376947

TRAINING:
Labels predicted: 	 True targets: 	 Correct labels:
2119 			 1998 			 882
2213 			 2123 			 910
2028 			 1966 			 865
1594 			 1683 			 701
1591 			 1657 			 647
724 			 842 			 345
VALIDATION:
Labels predicted: 	 True targets: 	 Correct labels:
288 			 263 			 90
433 			 248 			 87
160 			 251 			 51
84 			 169 			 22
300 			 237 			 76
19 			 116 			 5
Max memory allocated: 4324753920; Memory allocated: 2160142336
Epoch [83/100] took 317.0901279449463s
Train mean loss: 1.468497331500796, train accuracy: 0.4321745057941377
Val mean loss: 2.134951114654541, val accuracy: 0.27414330218068533

TRAINING:
Labels predicted: 	 True targets: 	 Correct labels:
2133 			 1998 			 886
2169 			 2123 			 950
2067 			 1966 			 881
1651 			 1683 			 723
1537 			 1657 			 658
712 			 842 			 340
VALIDATION:
Labels predicted: 	 True targets: 	 Correct labels:
511 			 263 			 147
48 			 248 			 16
193 			 251 			 58
244 			 169 			 59
141 			 237 			 38
147 			 116 			 34
Max memory allocated: 4324753920; Memory allocated: 2158699520
Epoch [84/100] took 317.0829916000366s
Train mean loss: 1.5022025510111703, train accuracy: 0.4267211997273347
Val mean loss: 2.139869377109575, val accuracy: 0.27258566978193144

TRAINING:
Labels predicted: 	 True targets: 	 Correct labels:
2106 			 1998 			 886
2187 			 2123 			 924
2037 			 1966 			 864
1612 			 1683 			 719
1599 			 1657 			 647
728 			 842 			 342
VALIDATION:
Labels predicted: 	 True targets: 	 Correct labels:
199 			 263 			 69
79 			 248 			 21
453 			 251 			 112
35 			 169 			 12
438 			 237 			 110
80 			 116 			 26
Max memory allocated: 4324753920; Memory allocated: 2159059968
Epoch [85/100] took 317.4867389202118s
Train mean loss: 1.4817259413338153, train accuracy: 0.4289609504333431
Val mean loss: 2.1685810996138533, val accuracy: 0.2546728971962617

TRAINING:
Labels predicted: 	 True targets: 	 Correct labels:
2063 			 1998 			 903
2164 			 2123 			 954
2023 			 1966 			 870
1672 			 1683 			 700
1588 			 1657 			 635
759 			 842 			 343
VALIDATION:
Labels predicted: 	 True targets: 	 Correct labels:
614 			 263 			 160
123 			 248 			 30
249 			 251 			 69
133 			 169 			 34
47 			 237 			 12
118 			 116 			 22
Max memory allocated: 4324753920; Memory allocated: 2158247936
Epoch [86/100] took 317.5046877861023s
Train mean loss: 1.477225189779035, train accuracy: 0.4267211997273347
Val mean loss: 2.082256652183414, val accuracy: 0.25778816199376947

TRAINING:
Labels predicted: 	 True targets: 	 Correct labels:
2128 			 1998 			 904
2168 			 2123 			 944
1993 			 1966 			 848
1639 			 1683 			 704
1601 			 1657 			 644
740 			 842 			 338
VALIDATION:
Labels predicted: 	 True targets: 	 Correct labels:
103 			 263 			 42
362 			 248 			 78
275 			 251 			 75
175 			 169 			 44
331 			 237 			 78
38 			 116 			 14
Max memory allocated: 4324753920; Memory allocated: 2158518272
Epoch [87/100] took 316.7156331539154s
Train mean loss: 1.496108670379514, train accuracy: 0.4210731327295745
Val mean loss: 2.423987610739951, val accuracy: 0.24143302180685358

TRAINING:
Labels predicted: 	 True targets: 	 Correct labels:
2053 			 1998 			 845
2122 			 2123 			 911
2048 			 1966 			 840
1659 			 1683 			 704
1614 			 1657 			 671
773 			 842 			 353
VALIDATION:
Labels predicted: 	 True targets: 	 Correct labels:
809 			 263 			 192
252 			 248 			 57
59 			 251 			 16
23 			 169 			 8
128 			 237 			 34
13 			 116 			 3
Max memory allocated: 4324753920; Memory allocated: 2158789632
Epoch [88/100] took 317.03622817993164s
Train mean loss: 1.4828825687693659, train accuracy: 0.42652643879637747
Val mean loss: 2.1734719135746454, val accuracy: 0.22819314641744548

TRAINING:
Labels predicted: 	 True targets: 	 Correct labels:
2064 			 1998 			 878
2186 			 2123 			 926
2040 			 1966 			 859
1611 			 1683 			 703
1629 			 1657 			 679
739 			 842 			 335
VALIDATION:
Labels predicted: 	 True targets: 	 Correct labels:
165 			 263 			 55
261 			 248 			 54
249 			 251 			 56
410 			 169 			 77
44 			 237 			 12
155 			 116 			 39
Max memory allocated: 4324753920; Memory allocated: 2158157824
Epoch [89/100] took 316.85272097587585s
Train mean loss: 1.4841860417868489, train accuracy: 0.43324569091440257
Val mean loss: 2.2531278947865743, val accuracy: 0.2554517133956386

TRAINING:
Labels predicted: 	 True targets: 	 Correct labels:
2074 			 1998 			 891
2197 			 2123 			 955
2040 			 1966 			 855
1645 			 1683 			 726
1573 			 1657 			 662
740 			 842 			 360
VALIDATION:
Labels predicted: 	 True targets: 	 Correct labels:
698 			 263 			 182
98 			 248 			 22
131 			 251 			 35
262 			 169 			 58
81 			 237 			 26
14 			 116 			 5
Max memory allocated: 4324753920; Memory allocated: 2158518272
Epoch [90/100] took 317.21394634246826s
Train mean loss: 1.4871577528128372, train accuracy: 0.4243840685558477
Val mean loss: 2.4345378105684836, val accuracy: 0.27258566978193144

TRAINING:
Labels predicted: 	 True targets: 	 Correct labels:
2145 			 1998 			 878
2186 			 2123 			 929
2027 			 1966 			 879
1625 			 1683 			 720
1600 			 1657 			 637
686 			 842 			 315
VALIDATION:
Labels predicted: 	 True targets: 	 Correct labels:
469 			 263 			 136
24 			 248 			 6
553 			 251 			 142
163 			 169 			 41
22 			 237 			 6
53 			 116 			 19
Max memory allocated: 4324753920; Memory allocated: 2158428160
Epoch [91/100] took 317.50137662887573s
Train mean loss: 1.4980251612228768, train accuracy: 0.42652643879637747
Val mean loss: 2.095633247624273, val accuracy: 0.2570093457943925

TRAINING:
Labels predicted: 	 True targets: 	 Correct labels:
2099 			 1998 			 868
2175 			 2123 			 941
1977 			 1966 			 852
1669 			 1683 			 710
1609 			 1657 			 685
740 			 842 			 324
VALIDATION:
Labels predicted: 	 True targets: 	 Correct labels:
169 			 263 			 59
213 			 248 			 47
99 			 251 			 31
241 			 169 			 62
398 			 237 			 94
164 			 116 			 37
Max memory allocated: 4324753920; Memory allocated: 2159330304
Epoch [92/100] took 317.3282697200775s
Train mean loss: 1.4702774183679592, train accuracy: 0.4361671048787613
Val mean loss: 2.2359342856436784, val accuracy: 0.23286604361370716

TRAINING:
Labels predicted: 	 True targets: 	 Correct labels:
2133 			 1998 			 939
2138 			 2123 			 923
2006 			 1966 			 874
1654 			 1683 			 720
1612 			 1657 			 682
726 			 842 			 341
VALIDATION:
Labels predicted: 	 True targets: 	 Correct labels:
71 			 263 			 18
724 			 248 			 146
166 			 251 			 51
133 			 169 			 31
39 			 237 			 12
151 			 116 			 41
Max memory allocated: 4324753920; Memory allocated: 2159780864
Epoch [93/100] took 317.33910155296326s
Train mean loss: 1.4758055556878866, train accuracy: 0.43207712532865905
Val mean loss: 2.3344514658732445, val accuracy: 0.2336448598130841

TRAINING:
Labels predicted: 	 True targets: 	 Correct labels:
2091 			 1998 			 875
2183 			 2123 			 957
2059 			 1966 			 889
1636 			 1683 			 703
1587 			 1657 			 677
713 			 842 			 336
VALIDATION:
Labels predicted: 	 True targets: 	 Correct labels:
92 			 263 			 29
23 			 248 			 5
669 			 251 			 153
247 			 169 			 49
125 			 237 			 28
128 			 116 			 36
Max memory allocated: 4324753920; Memory allocated: 2158969856
Epoch [94/100] took 316.6614246368408s
Train mean loss: 1.4869957732448698, train accuracy: 0.4289609504333431
Val mean loss: 2.106319016181164, val accuracy: 0.2484423676012461

TRAINING:
Labels predicted: 	 True targets: 	 Correct labels:
2152 			 1998 			 890
2208 			 2123 			 922
1975 			 1966 			 880
1642 			 1683 			 728
1553 			 1657 			 648
739 			 842 			 337
VALIDATION:
Labels predicted: 	 True targets: 	 Correct labels:
165 			 263 			 58
275 			 248 			 61
215 			 251 			 64
349 			 169 			 70
246 			 237 			 55
34 			 116 			 11
Max memory allocated: 4324753920; Memory allocated: 2157527040
Epoch [95/100] took 316.59544253349304s
Train mean loss: 1.4835517462865215, train accuracy: 0.43188236439770183
Val mean loss: 2.087035586374887, val accuracy: 0.28582554517133957

TRAINING:
Labels predicted: 	 True targets: 	 Correct labels:
2084 			 1998 			 905
2184 			 2123 			 943
2014 			 1966 			 875
1627 			 1683 			 716
1593 			 1657 			 643
767 			 842 			 353
VALIDATION:
Labels predicted: 	 True targets: 	 Correct labels:
527 			 263 			 155
252 			 248 			 67
224 			 251 			 68
144 			 169 			 31
100 			 237 			 30
37 			 116 			 16
Max memory allocated: 4324753920; Memory allocated: 2158338048
Epoch [96/100] took 317.5026261806488s
Train mean loss: 1.4733407998289274, train accuracy: 0.42613691693446293
Val mean loss: 2.457714893803093, val accuracy: 0.23052959501557632

TRAINING:
Labels predicted: 	 True targets: 	 Correct labels:
2116 			 1998 			 888
2207 			 2123 			 939
1930 			 1966 			 824
1659 			 1683 			 730
1594 			 1657 			 646
763 			 842 			 349
VALIDATION:
Labels predicted: 	 True targets: 	 Correct labels:
23 			 263 			 7
519 			 248 			 105
183 			 251 			 54
182 			 169 			 44
92 			 237 			 29
285 			 116 			 57
Max memory allocated: 4324753920; Memory allocated: 2159870976
Epoch [97/100] took 317.2186505794525s
Train mean loss: 1.4592933607899883, train accuracy: 0.4379199532573766
Val mean loss: 2.080269810205661, val accuracy: 0.26401869158878505

TRAINING:
Labels predicted: 	 True targets: 	 Correct labels:
2147 			 1998 			 931
2178 			 2123 			 953
2015 			 1966 			 867
1601 			 1683 			 718
1591 			 1657 			 672
737 			 842 			 356
VALIDATION:
Labels predicted: 	 True targets: 	 Correct labels:
260 			 263 			 86
348 			 248 			 73
181 			 251 			 53
266 			 169 			 61
154 			 237 			 41
75 			 116 			 25
Max memory allocated: 4324753920; Memory allocated: 2157707264
Epoch [98/100] took 317.04140400886536s
Train mean loss: 1.4826136646890937, train accuracy: 0.43120070113935144
Val mean loss: 2.3834733081900557, val accuracy: 0.24221183800623053

TRAINING:
Labels predicted: 	 True targets: 	 Correct labels:
2086 			 1998 			 887
2213 			 2123 			 932
2046 			 1966 			 896
1606 			 1683 			 717
1590 			 1657 			 648
728 			 842 			 348
VALIDATION:
Labels predicted: 	 True targets: 	 Correct labels:
270 			 263 			 80
112 			 248 			 30
160 			 251 			 45
328 			 169 			 74
152 			 237 			 35
262 			 116 			 47
Max memory allocated: 4324753920; Memory allocated: 2158699520
Epoch [99/100] took 317.3649480342865s
Train mean loss: 1.4731978515041209, train accuracy: 0.4309085597429156
Val mean loss: 2.112007372867987, val accuracy: 0.2616822429906542

TRAINING:
Labels predicted: 	 True targets: 	 Correct labels:
2092 			 1998 			 907
2200 			 2123 			 920
2004 			 1966 			 879
1659 			 1683 			 709
1546 			 1657 			 662
768 			 842 			 348
VALIDATION:
Labels predicted: 	 True targets: 	 Correct labels:
296 			 263 			 84
432 			 248 			 97
77 			 251 			 26
151 			 169 			 48
195 			 237 			 52
133 			 116 			 29
Max memory allocated: 4324753920; Memory allocated: 2157977600
Epoch [100/100] took 317.4638741016388s
Train mean loss: 1.4594086770699404, train accuracy: 0.4361671048787613
Val mean loss: 2.373172596374654, val accuracy: 0.2570093457943925

TRAINING:
Labels predicted: 	 True targets: 	 Correct labels:
2093 			 1998 			 906
2140 			 2123 			 931
2005 			 1966 			 899
1675 			 1683 			 747
1614 			 1657 			 645
742 			 842 			 351
VALIDATION:
Labels predicted: 	 True targets: 	 Correct labels:
591 			 263 			 155
132 			 248 			 30
45 			 251 			 14
272 			 169 			 70
195 			 237 			 46
49 			 116 			 15
Max memory allocated: 4324753920; Memory allocated: 2160592896
Training finished! Training for 100 epochs took: 31720.645228385925s
Training loss: [1.9820692568924567, 1.8939060068390452, 1.8801386793175963, 1.8476730157560277, 1.8260225767844191, 1.8094269660217368, 1.8132407597942144, 1.781306314784047, 1.766619353325939, 1.7678583516417263, 1.7487577887896066, 1.7295391425908169, 1.7279114745023465, 1.7106829797645966, 1.6888368870610388, 1.697730479210708, 1.6875092846303714, 1.6967191455705886, 1.6789202863739288, 1.6544556667407353, 1.6506357536509029, 1.664477976451039, 1.6629625166130957, 1.6323671388756078, 1.6902729670670917, 1.6374811255764739, 1.6214893105152612, 1.6247827881407515, 1.624890083394875, 1.6116905299673943, 1.6181152938310974, 1.61529547742037, 1.6274829033843454, 1.593948047341216, 1.5944312405177736, 1.5982105366166135, 1.597691775714497, 1.581866206316933, 1.5818776972011614, 1.6154234320668046, 1.5783377461529966, 1.5799269239850504, 1.583468577247171, 1.5831681478803403, 1.5691903182464968, 1.5676106404385464, 1.5678110850330824, 1.5750699100371832, 1.5569625062827381, 1.552000304666635, 1.5400318312125043, 1.543867984386248, 1.55769407092318, 1.5378712830931598, 1.5458788208640253, 1.5534727037927816, 1.555547097715262, 1.5326832143409972, 1.5188035163738274, 1.5421322167755287, 1.5246503912956915, 1.546198825737769, 1.5266132210831034, 1.5101249470981852, 1.526827788334398, 1.5216746321441228, 1.5416867931451752, 1.5161766036184405, 1.5133012161355153, 1.495828398895041, 1.509490849351586, 1.5170173914261695, 1.5173121679609067, 1.5020270113168848, 1.52806197227533, 1.4952665970797108, 1.5178454192906525, 1.5082037086334554, 1.505374192263107, 1.5047974911434256, 1.488648178189343, 1.4879324988134182, 1.468497331500796, 1.5022025510111703, 1.4817259413338153, 1.477225189779035, 1.496108670379514, 1.4828825687693659, 1.4841860417868489, 1.4871577528128372, 1.4980251612228768, 1.4702774183679592, 1.4758055556878866, 1.4869957732448698, 1.4835517462865215, 1.4733407998289274, 1.4592933607899883, 1.4826136646890937, 1.4731978515041209, 1.4594086770699404]
Validation loss: [2.106505850827472, 1.9353107680445132, 2.4441472055008693, 1.956086113586189, 1.9279030865023594, 2.0777534972066465, 2.0566707694012187, 1.7890931153149339, 2.045453634321319, 1.8571302779713033, 1.8997256370805065, 1.8862896772645275, 2.151624447810724, 2.2258830366667754, 1.847640337410921, 2.1183761817327937, 1.8102385627557032, 1.891887322716091, 1.8732523451680723, 1.8387853321821794, 2.515477330047892, 1.9426944559405308, 1.974794216037537, 1.9532865493193916, 2.068550549678921, 2.1907196541010223, 1.9482055635926145, 1.989979322652639, 2.0260090250406204, 2.0188436456348584, 1.9053725944542736, 2.044903540463181, 2.2270401205335344, 2.104494187402429, 2.0488129802372144, 2.222712852940056, 2.3757102585727385, 2.034232399478462, 2.648845997656354, 2.116728731564113, 1.9969331781316249, 1.9527696519164566, 2.0319835425163646, 2.361231789825866, 1.9941473207118348, 2.1010347456665515, 2.0056580297695183, 2.072616412032465, 1.951757031938304, 2.1359775510633954, 2.003079785323291, 2.2182325687467683, 2.049360796531535, 2.028422000615493, 2.0375908709460906, 2.2880167094817074, 2.2306676125674514, 2.0513229466373137, 2.0387996272270725, 2.128097665976293, 2.0811500727019694, 2.1253698953190203, 2.234726083204613, 2.162959606751152, 2.322610020637512, 2.2934864333697726, 2.801301289789425, 2.226747923015808, 2.093314978646936, 2.1939007850907606, 2.0646244213447806, 2.2437864182898717, 2.58912182779786, 2.1862185889889734, 2.27206520042064, 2.2796559489291646, 2.1435296794642573, 2.256457241055388, 2.1569092151541147, 2.180859561292281, 2.489362459005036, 2.131905758603019, 2.134951114654541, 2.139869377109575, 2.1685810996138533, 2.082256652183414, 2.423987610739951, 2.1734719135746454, 2.2531278947865743, 2.4345378105684836, 2.095633247624273, 2.2359342856436784, 2.3344514658732445, 2.106319016181164, 2.087035586374887, 2.457714893803093, 2.080269810205661, 2.3834733081900557, 2.112007372867987, 2.373172596374654]
Training accuracy: [0.2088810984516506, 0.23877690135358848, 0.24997565488363035, 0.26555652936021035, 0.27266530334015, 0.2844483396630636, 0.2897068847989093, 0.30226896484565197, 0.30139254065634435, 0.3097672606875061, 0.30986464115298473, 0.32096601421754795, 0.3252507546986075, 0.32914597331775247, 0.33927354172752944, 0.33031453890349594, 0.3382023566072646, 0.33976044405492256, 0.3420975752264096, 0.3445320868633752, 0.3483299250170416, 0.35358847015288736, 0.35982081994351933, 0.35855487389229723, 0.3538806115493232, 0.36118414646022007, 0.3671243548544162, 0.3628396143733567, 0.3655662674067582, 0.36644269159606585, 0.3675138767163307, 0.3733567046450482, 0.3676112571818093, 0.37861524978089395, 0.37949167397020156, 0.37666764047132145, 0.3855292628298763, 0.3804654786249878, 0.3820235660726458, 0.37705716233323594, 0.3857240237608336, 0.384847599571526, 0.3867952088810985, 0.3880611549323206, 0.39351446099912357, 0.39497516798130294, 0.39020352517285034, 0.39107994936215795, 0.3947804070503457, 0.39955204985879833, 0.4020839419612426, 0.3975070600837472, 0.3966306358944396, 0.40461583406368684, 0.4073424870970883, 0.40091537637549907, 0.4001363326516701, 0.4082189112863959, 0.4077320089590028, 0.4114324666471906, 0.4164962508520791, 0.4053948777875158, 0.4106534229233616, 0.4156198266627715, 0.4072451066316097, 0.40860843314831047, 0.4123088908364982, 0.41795695783425846, 0.41221151037101955, 0.4210731327295745, 0.41513292433537835, 0.42097575226409584, 0.41464602200798517, 0.4168857727139936, 0.4166910117830363, 0.4193202843509592, 0.41922290388548056, 0.4142565001460707, 0.4182490992306943, 0.42068361086765993, 0.4228259811081897, 0.4236050248320187, 0.4321745057941377, 0.4267211997273347, 0.4289609504333431, 0.4267211997273347, 0.4210731327295745, 0.42652643879637747, 0.43324569091440257, 0.4243840685558477, 0.42652643879637747, 0.4361671048787613, 0.43207712532865905, 0.4289609504333431, 0.43188236439770183, 0.42613691693446293, 0.4379199532573766, 0.43120070113935144, 0.4309085597429156, 0.4361671048787613]
Validation accuracy: [0.21962616822429906, 0.20950155763239875, 0.20249221183800623, 0.21962616822429906, 0.2538940809968847, 0.21573208722741433, 0.24766355140186916, 0.2842679127725857, 0.23052959501557632, 0.23753894080996885, 0.2554517133956386, 0.2523364485981308, 0.2235202492211838, 0.18302180685358255, 0.2585669781931464, 0.21573208722741433, 0.26947040498442365, 0.24143302180685358, 0.26090342679127726, 0.26869158878504673, 0.1838006230529595, 0.27258566978193144, 0.2585669781931464, 0.2546728971962617, 0.24376947040498442, 0.23753894080996885, 0.2507788161993769, 0.26869158878504673, 0.2383177570093458, 0.25934579439252337, 0.24532710280373832, 0.25, 0.23208722741433022, 0.21417445482866043, 0.24922118380062305, 0.22897196261682243, 0.20015576323987538, 0.24610591900311526, 0.2087227414330218, 0.23598130841121495, 0.2538940809968847, 0.23442367601246106, 0.25, 0.22429906542056074, 0.26791277258566976, 0.26401869158878505, 0.2546728971962617, 0.24376947040498442, 0.2733644859813084, 0.235202492211838, 0.26557632398753894, 0.21573208722741433, 0.2383177570093458, 0.2757009345794392, 0.24922118380062305, 0.21573208722741433, 0.23052959501557632, 0.26246105919003115, 0.2538940809968847, 0.2562305295950156, 0.26947040498442365, 0.24610591900311526, 0.24610591900311526, 0.2336448598130841, 0.21651090342679127, 0.25934579439252337, 0.22429906542056074, 0.2507788161993769, 0.2616822429906542, 0.22897196261682243, 0.25, 0.2733644859813084, 0.2546728971962617, 0.2632398753894081, 0.2601246105919003, 0.2367601246105919, 0.23909657320872274, 0.2507788161993769, 0.2616822429906542, 0.25934579439252337, 0.2468847352024922, 0.25778816199376947, 0.27414330218068533, 0.27258566978193144, 0.2546728971962617, 0.25778816199376947, 0.24143302180685358, 0.22819314641744548, 0.2554517133956386, 0.27258566978193144, 0.2570093457943925, 0.23286604361370716, 0.2336448598130841, 0.2484423676012461, 0.28582554517133957, 0.23052959501557632, 0.26401869158878505, 0.24221183800623053, 0.2616822429906542, 0.2570093457943925]
Accuracy plot saved at 'Gemma-2b_FULL1_SimpleLinearHead_1710453675.8966708/accuracy_Gemma-2b_FULL1_SimpleLinearHead_1710453675.8966708.png'
Loss plot saved at 'Gemma-2b_FULL1_SimpleLinearHead_1710453675.8966708/loss_Gemma-2b_FULL1_SimpleLinearHead_1710453675.8966708.png'
Checkpoint saved at 'Gemma-2b_FULL1_SimpleLinearHead_1710453675.8966708/checkpoint_Gemma-2b_FULL1_SimpleLinearHead_1710453675.8966708.pth'
Output logfile saved at Gemma-2b_FULL1_SimpleLinearHead_1710453675.8966708/output_log_Gemma-2b_FULL1_SimpleLinearHead_1710453675.8966708.txt
