
=============
== PyTorch ==
=============

NVIDIA Release 24.01 (build 80741402)
PyTorch Version 2.2.0a0+81ea7a4

Container image Copyright (c) 2023, NVIDIA CORPORATION & AFFILIATES. All rights reserved.

Copyright (c) 2014-2023 Facebook Inc.
Copyright (c) 2011-2014 Idiap Research Institute (Ronan Collobert)
Copyright (c) 2012-2014 Deepmind Technologies    (Koray Kavukcuoglu)
Copyright (c) 2011-2012 NEC Laboratories America (Koray Kavukcuoglu)
Copyright (c) 2011-2013 NYU                      (Clement Farabet)
Copyright (c) 2006-2010 NEC Laboratories America (Ronan Collobert, Leon Bottou, Iain Melvin, Jason Weston)
Copyright (c) 2006      Idiap Research Institute (Samy Bengio)
Copyright (c) 2001-2004 Idiap Research Institute (Ronan Collobert, Samy Bengio, Johnny Mariethoz)
Copyright (c) 2015      Google Inc.
Copyright (c) 2015      Yangqing Jia
Copyright (c) 2013-2016 The Caffe contributors
All rights reserved.

Various files include modifications (c) NVIDIA CORPORATION & AFFILIATES.  All rights reserved.

This container image and its contents are governed by the NVIDIA Deep Learning Container License.
By pulling and using the container, you accept the terms and conditions of this license:
https://developer.nvidia.com/ngc/nvidia-deep-learning-container-license

NOTE: CUDA Forward Compatibility mode ENABLED.
  Using CUDA 12.3 driver version 545.23.08 with kernel driver version 525.85.12.
  See https://docs.nvidia.com/deploy/cuda-compatibility/ for details.

Language Model has hidden_size: 768
freezing Model... (AutoModel)
Running on device: cuda
Epoch [1/100] took 1.2093205451965332s
Train mean loss: 1.7849169877859263, train accuracy: 0.13725490196078433
Val mean loss: 1.758380651473999, val accuracy: 0.08333333333333333

TRAINING:
Labels predicted: 	 True targets: 	 Correct labels:
34 			 22 			 4
15 			 17 			 0
42 			 22 			 8
1 			 18 			 0
10 			 16 			 2
0 			 7 			 0
VALIDATION:
Labels predicted: 	 True targets: 	 Correct labels:
3 			 4 			 1
2 			 4 			 0
6 			 0 			 0
1 			 2 			 0
0 			 1 			 0
0 			 1 			 0
Max memory allocated: 128775680; Memory allocated: 112157696
Epoch [2/100] took 0.5117812156677246s
Train mean loss: 1.7158854007720947, train accuracy: 0.29411764705882354
Val mean loss: 1.75717693567276, val accuracy: 0.16666666666666666

TRAINING:
Labels predicted: 	 True targets: 	 Correct labels:
11 			 22 			 6
6 			 17 			 2
81 			 22 			 21
3 			 18 			 0
1 			 16 			 1
0 			 7 			 0
VALIDATION:
Labels predicted: 	 True targets: 	 Correct labels:
2 			 4 			 1
4 			 4 			 1
5 			 0 			 0
1 			 2 			 0
0 			 1 			 0
0 			 1 			 0
Max memory allocated: 128892928; Memory allocated: 112176640
Epoch [3/100] took 0.5080702304840088s
Train mean loss: 1.6682781072763295, train accuracy: 0.3137254901960784
Val mean loss: 1.7446789741516113, val accuracy: 0.25

TRAINING:
Labels predicted: 	 True targets: 	 Correct labels:
64 			 22 			 20
29 			 17 			 7
7 			 22 			 4
2 			 18 			 1
0 			 16 			 0
0 			 7 			 0
VALIDATION:
Labels predicted: 	 True targets: 	 Correct labels:
7 			 4 			 2
5 			 4 			 1
0 			 0 			 0
0 			 2 			 0
0 			 1 			 0
0 			 1 			 0
Max memory allocated: 128892928; Memory allocated: 112145920
Epoch [4/100] took 0.5095586776733398s
Train mean loss: 1.6226987105149488, train accuracy: 0.3235294117647059
Val mean loss: 1.8287837505340576, val accuracy: 0.0

TRAINING:
Labels predicted: 	 True targets: 	 Correct labels:
63 			 22 			 16
13 			 17 			 5
15 			 22 			 7
6 			 18 			 3
5 			 16 			 2
0 			 7 			 0
VALIDATION:
Labels predicted: 	 True targets: 	 Correct labels:
1 			 4 			 0
3 			 4 			 0
5 			 0 			 0
1 			 2 			 0
2 			 1 			 0
0 			 1 			 0
Max memory allocated: 128892928; Memory allocated: 112145920
Epoch [5/100] took 0.511836051940918s
Train mean loss: 1.5748416552176843, train accuracy: 0.4803921568627451
Val mean loss: 1.8112459182739258, val accuracy: 0.0

TRAINING:
Labels predicted: 	 True targets: 	 Correct labels:
19 			 22 			 12
4 			 17 			 3
54 			 22 			 21
20 			 18 			 9
5 			 16 			 4
0 			 7 			 0
VALIDATION:
Labels predicted: 	 True targets: 	 Correct labels:
0 			 4 			 0
1 			 4 			 0
8 			 0 			 0
3 			 2 			 0
0 			 1 			 0
0 			 1 			 0
Max memory allocated: 128892928; Memory allocated: 112145920
Epoch [6/100] took 0.5102252960205078s
Train mean loss: 1.5363752841949463, train accuracy: 0.4803921568627451
Val mean loss: 1.7635077238082886, val accuracy: 0.08333333333333333

TRAINING:
Labels predicted: 	 True targets: 	 Correct labels:
41 			 22 			 15
8 			 17 			 7
39 			 22 			 17
7 			 18 			 5
6 			 16 			 4
1 			 7 			 1
VALIDATION:
Labels predicted: 	 True targets: 	 Correct labels:
5 			 4 			 1
3 			 4 			 0
2 			 0 			 0
2 			 2 			 0
0 			 1 			 0
0 			 1 			 0
Max memory allocated: 128892928; Memory allocated: 112145920
Epoch [7/100] took 0.5092771053314209s
Train mean loss: 1.4886292585959802, train accuracy: 0.46078431372549017
Val mean loss: 1.8614033460617065, val accuracy: 0.0

TRAINING:
Labels predicted: 	 True targets: 	 Correct labels:
60 			 22 			 19
6 			 17 			 5
17 			 22 			 10
15 			 18 			 9
4 			 16 			 4
0 			 7 			 0
VALIDATION:
Labels predicted: 	 True targets: 	 Correct labels:
1 			 4 			 0
1 			 4 			 0
7 			 0 			 0
3 			 2 			 0
0 			 1 			 0
0 			 1 			 0
Max memory allocated: 128892928; Memory allocated: 112145920
Epoch [8/100] took 0.5100009441375732s
Train mean loss: 1.4399734918887799, train accuracy: 0.5980392156862745
Val mean loss: 1.8859410285949707, val accuracy: 0.0

TRAINING:
Labels predicted: 	 True targets: 	 Correct labels:
27 			 22 			 14
10 			 17 			 7
37 			 22 			 21
16 			 18 			 9
12 			 16 			 10
0 			 7 			 0
VALIDATION:
Labels predicted: 	 True targets: 	 Correct labels:
0 			 4 			 0
1 			 4 			 0
9 			 0 			 0
2 			 2 			 0
0 			 1 			 0
0 			 1 			 0
Max memory allocated: 128892928; Memory allocated: 112133632
Epoch [9/100] took 0.5101993083953857s
Train mean loss: 1.420373329749474, train accuracy: 0.5294117647058824
Val mean loss: 1.9178891777992249, val accuracy: 0.0

TRAINING:
Labels predicted: 	 True targets: 	 Correct labels:
27 			 22 			 15
3 			 17 			 3
54 			 22 			 22
10 			 18 			 7
7 			 16 			 6
1 			 7 			 1
VALIDATION:
Labels predicted: 	 True targets: 	 Correct labels:
1 			 4 			 0
2 			 4 			 0
8 			 0 			 0
1 			 2 			 0
0 			 1 			 0
0 			 1 			 0
Max memory allocated: 128892928; Memory allocated: 112145920
Epoch [10/100] took 0.5134470462799072s
Train mean loss: 1.404697243983929, train accuracy: 0.5882352941176471
Val mean loss: 1.766038417816162, val accuracy: 0.0

TRAINING:
Labels predicted: 	 True targets: 	 Correct labels:
49 			 22 			 20
6 			 17 			 6
19 			 22 			 13
14 			 18 			 10
13 			 16 			 10
1 			 7 			 1
VALIDATION:
Labels predicted: 	 True targets: 	 Correct labels:
2 			 4 			 0
4 			 4 			 0
4 			 0 			 0
2 			 2 			 0
0 			 1 			 0
0 			 1 			 0
Max memory allocated: 128954368; Memory allocated: 112176640
Epoch [11/100] took 0.5111725330352783s
Train mean loss: 1.3490050847713764, train accuracy: 0.6862745098039216
Val mean loss: 1.8811493515968323, val accuracy: 0.0

TRAINING:
Labels predicted: 	 True targets: 	 Correct labels:
24 			 22 			 16
12 			 17 			 8
33 			 22 			 20
15 			 18 			 11
16 			 16 			 13
2 			 7 			 2
VALIDATION:
Labels predicted: 	 True targets: 	 Correct labels:
1 			 4 			 0
3 			 4 			 0
6 			 0 			 0
2 			 2 			 0
0 			 1 			 0
0 			 1 			 0
Max memory allocated: 128954368; Memory allocated: 112101888
Epoch [12/100] took 0.5098605155944824s
Train mean loss: 1.3332391518812914, train accuracy: 0.6176470588235294
Val mean loss: 1.7877132892608643, val accuracy: 0.0

TRAINING:
Labels predicted: 	 True targets: 	 Correct labels:
24 			 22 			 15
9 			 17 			 7
40 			 22 			 20
14 			 18 			 8
13 			 16 			 11
2 			 7 			 2
VALIDATION:
Labels predicted: 	 True targets: 	 Correct labels:
1 			 4 			 0
3 			 4 			 0
6 			 0 			 0
2 			 2 			 0
0 			 1 			 0
0 			 1 			 0
Max memory allocated: 128954368; Memory allocated: 112176640
Epoch [13/100] took 0.5092527866363525s
Train mean loss: 1.2643973368864794, train accuracy: 0.7058823529411765
Val mean loss: 1.8437751531600952, val accuracy: 0.0

TRAINING:
Labels predicted: 	 True targets: 	 Correct labels:
34 			 22 			 17
11 			 17 			 10
29 			 22 			 21
15 			 18 			 12
8 			 16 			 7
5 			 7 			 5
VALIDATION:
Labels predicted: 	 True targets: 	 Correct labels:
1 			 4 			 0
1 			 4 			 0
8 			 0 			 0
2 			 2 			 0
0 			 1 			 0
0 			 1 			 0
Max memory allocated: 128954368; Memory allocated: 112176640
Epoch [14/100] took 0.5112349987030029s
Train mean loss: 1.2784056663513184, train accuracy: 0.6764705882352942
Val mean loss: 1.9269367456436157, val accuracy: 0.0

TRAINING:
Labels predicted: 	 True targets: 	 Correct labels:
32 			 22 			 17
7 			 17 			 7
34 			 22 			 21
10 			 18 			 9
17 			 16 			 13
2 			 7 			 2
VALIDATION:
Labels predicted: 	 True targets: 	 Correct labels:
3 			 4 			 0
2 			 4 			 0
4 			 0 			 0
2 			 2 			 0
1 			 1 			 0
0 			 1 			 0
Max memory allocated: 128954368; Memory allocated: 112145920
Epoch [15/100] took 0.5155048370361328s
Train mean loss: 1.2521923688741832, train accuracy: 0.6666666666666666
Val mean loss: 1.834922730922699, val accuracy: 0.0

TRAINING:
Labels predicted: 	 True targets: 	 Correct labels:
32 			 22 			 16
9 			 17 			 8
33 			 22 			 20
11 			 18 			 10
14 			 16 			 11
3 			 7 			 3
VALIDATION:
Labels predicted: 	 True targets: 	 Correct labels:
1 			 4 			 0
1 			 4 			 0
8 			 0 			 0
2 			 2 			 0
0 			 1 			 0
0 			 1 			 0
Max memory allocated: 128954368; Memory allocated: 112176640
Epoch [16/100] took 0.4986307621002197s
Train mean loss: 1.2053670791479258, train accuracy: 0.7058823529411765
Val mean loss: 1.86697256565094, val accuracy: 0.0

TRAINING:
Labels predicted: 	 True targets: 	 Correct labels:
20 			 22 			 15
11 			 17 			 9
35 			 22 			 20
16 			 18 			 11
16 			 16 			 13
4 			 7 			 4
VALIDATION:
Labels predicted: 	 True targets: 	 Correct labels:
1 			 4 			 0
2 			 4 			 0
7 			 0 			 0
2 			 2 			 0
0 			 1 			 0
0 			 1 			 0
Max memory allocated: 128954368; Memory allocated: 112176640
Epoch [17/100] took 0.5095000267028809s
Train mean loss: 1.1800478238325853, train accuracy: 0.7450980392156863
Val mean loss: 1.9280142188072205, val accuracy: 0.0

TRAINING:
Labels predicted: 	 True targets: 	 Correct labels:
27 			 22 			 17
11 			 17 			 10
27 			 22 			 18
18 			 18 			 13
15 			 16 			 14
4 			 7 			 4
VALIDATION:
Labels predicted: 	 True targets: 	 Correct labels:
2 			 4 			 0
2 			 4 			 0
6 			 0 			 0
2 			 2 			 0
0 			 1 			 0
0 			 1 			 0
Max memory allocated: 128954368; Memory allocated: 112139776
Epoch [18/100] took 0.49956750869750977s
Train mean loss: 1.1780734795790453, train accuracy: 0.696078431372549
Val mean loss: 1.933540403842926, val accuracy: 0.0

TRAINING:
Labels predicted: 	 True targets: 	 Correct labels:
26 			 22 			 16
9 			 17 			 8
39 			 22 			 21
11 			 18 			 10
13 			 16 			 12
4 			 7 			 4
VALIDATION:
Labels predicted: 	 True targets: 	 Correct labels:
1 			 4 			 0
1 			 4 			 0
8 			 0 			 0
2 			 2 			 0
0 			 1 			 0
0 			 1 			 0
Max memory allocated: 128978944; Memory allocated: 112176640
Epoch [19/100] took 0.5092685222625732s
Train mean loss: 1.1543045594142034, train accuracy: 0.7156862745098039
Val mean loss: 2.019843816757202, val accuracy: 0.0

TRAINING:
Labels predicted: 	 True targets: 	 Correct labels:
18 			 22 			 15
10 			 17 			 9
38 			 22 			 21
11 			 18 			 8
20 			 16 			 15
5 			 7 			 5
VALIDATION:
Labels predicted: 	 True targets: 	 Correct labels:
1 			 4 			 0
1 			 4 			 0
8 			 0 			 0
2 			 2 			 0
0 			 1 			 0
0 			 1 			 0
Max memory allocated: 128978944; Memory allocated: 112145920
Epoch [20/100] took 0.5103538036346436s
Train mean loss: 1.1221392842439504, train accuracy: 0.7058823529411765
Val mean loss: 1.9238278269767761, val accuracy: 0.0

TRAINING:
Labels predicted: 	 True targets: 	 Correct labels:
38 			 22 			 19
13 			 17 			 11
24 			 22 			 18
13 			 18 			 11
10 			 16 			 9
4 			 7 			 4
VALIDATION:
Labels predicted: 	 True targets: 	 Correct labels:
3 			 4 			 0
3 			 4 			 0
4 			 0 			 0
2 			 2 			 0
0 			 1 			 0
0 			 1 			 0
Max memory allocated: 128978944; Memory allocated: 112145920
Epoch [21/100] took 0.5106050968170166s
Train mean loss: 1.106834352016449, train accuracy: 0.7745098039215687
Val mean loss: 1.961106538772583, val accuracy: 0.0

TRAINING:
Labels predicted: 	 True targets: 	 Correct labels:
29 			 22 			 18
11 			 17 			 11
28 			 22 			 20
15 			 18 			 13
15 			 16 			 13
4 			 7 			 4
VALIDATION:
Labels predicted: 	 True targets: 	 Correct labels:
1 			 4 			 0
1 			 4 			 0
8 			 0 			 0
2 			 2 			 0
0 			 1 			 0
0 			 1 			 0
Max memory allocated: 128978944; Memory allocated: 112083456
Epoch [22/100] took 0.5100243091583252s
Train mean loss: 1.0826296347838182, train accuracy: 0.7647058823529411
Val mean loss: 1.918627917766571, val accuracy: 0.0

TRAINING:
Labels predicted: 	 True targets: 	 Correct labels:
22 			 22 			 17
11 			 17 			 10
33 			 22 			 20
13 			 18 			 12
19 			 16 			 15
4 			 7 			 4
VALIDATION:
Labels predicted: 	 True targets: 	 Correct labels:
2 			 4 			 0
1 			 4 			 0
7 			 0 			 0
2 			 2 			 0
0 			 1 			 0
0 			 1 			 0
Max memory allocated: 128978944; Memory allocated: 112083456
Epoch [23/100] took 0.5096797943115234s
Train mean loss: 1.059422520490793, train accuracy: 0.7450980392156863
Val mean loss: 1.8849074840545654, val accuracy: 0.0

TRAINING:
Labels predicted: 	 True targets: 	 Correct labels:
33 			 22 			 19
12 			 17 			 10
25 			 22 			 19
13 			 18 			 11
15 			 16 			 13
4 			 7 			 4
VALIDATION:
Labels predicted: 	 True targets: 	 Correct labels:
3 			 4 			 0
3 			 4 			 0
3 			 0 			 0
2 			 2 			 0
1 			 1 			 0
0 			 1 			 0
Max memory allocated: 128978944; Memory allocated: 112139776
Epoch [24/100] took 0.5105757713317871s
Train mean loss: 1.0368796174342816, train accuracy: 0.8235294117647058
Val mean loss: 2.0343873500823975, val accuracy: 0.0

TRAINING:
Labels predicted: 	 True targets: 	 Correct labels:
29 			 22 			 20
9 			 17 			 9
26 			 22 			 21
15 			 18 			 13
17 			 16 			 15
6 			 7 			 6
VALIDATION:
Labels predicted: 	 True targets: 	 Correct labels:
1 			 4 			 0
1 			 4 			 0
8 			 0 			 0
2 			 2 			 0
0 			 1 			 0
0 			 1 			 0
Max memory allocated: 128978944; Memory allocated: 112176640
Epoch [25/100] took 0.5122649669647217s
Train mean loss: 1.0320437917342553, train accuracy: 0.7843137254901961
Val mean loss: 1.99991375207901, val accuracy: 0.0

TRAINING:
Labels predicted: 	 True targets: 	 Correct labels:
22 			 22 			 16
10 			 17 			 10
33 			 22 			 22
13 			 18 			 13
20 			 16 			 15
4 			 7 			 4
VALIDATION:
Labels predicted: 	 True targets: 	 Correct labels:
1 			 4 			 0
3 			 4 			 0
5 			 0 			 0
2 			 2 			 0
1 			 1 			 0
0 			 1 			 0
Max memory allocated: 128978944; Memory allocated: 112145920
Epoch [26/100] took 0.5064601898193359s
Train mean loss: 0.9899550080299377, train accuracy: 0.7941176470588235
Val mean loss: 2.136671543121338, val accuracy: 0.0

TRAINING:
Labels predicted: 	 True targets: 	 Correct labels:
26 			 22 			 19
8 			 17 			 8
29 			 22 			 21
14 			 18 			 12
19 			 16 			 15
6 			 7 			 6
VALIDATION:
Labels predicted: 	 True targets: 	 Correct labels:
2 			 4 			 0
2 			 4 			 0
6 			 0 			 0
2 			 2 			 0
0 			 1 			 0
0 			 1 			 0
Max memory allocated: 128978944; Memory allocated: 112058880
Epoch [27/100] took 0.5104577541351318s
Train mean loss: 0.9913190832504859, train accuracy: 0.8333333333333334
Val mean loss: 1.9654085040092468, val accuracy: 0.0

TRAINING:
Labels predicted: 	 True targets: 	 Correct labels:
26 			 22 			 19
11 			 17 			 11
29 			 22 			 22
12 			 18 			 12
18 			 16 			 15
6 			 7 			 6
VALIDATION:
Labels predicted: 	 True targets: 	 Correct labels:
2 			 4 			 0
2 			 4 			 0
6 			 0 			 0
2 			 2 			 0
0 			 1 			 0
0 			 1 			 0
Max memory allocated: 128978944; Memory allocated: 112176640
Epoch [28/100] took 0.509009599685669s
Train mean loss: 0.9440438013810378, train accuracy: 0.8137254901960784
Val mean loss: 2.042521357536316, val accuracy: 0.0

TRAINING:
Labels predicted: 	 True targets: 	 Correct labels:
24 			 22 			 18
13 			 17 			 12
27 			 22 			 20
16 			 18 			 12
16 			 16 			 15
6 			 7 			 6
VALIDATION:
Labels predicted: 	 True targets: 	 Correct labels:
2 			 4 			 0
1 			 4 			 0
7 			 0 			 0
2 			 2 			 0
0 			 1 			 0
0 			 1 			 0
Max memory allocated: 128978944; Memory allocated: 112145920
Epoch [29/100] took 0.5102508068084717s
Train mean loss: 0.9813528886208167, train accuracy: 0.8235294117647058
Val mean loss: 2.0611045360565186, val accuracy: 0.0

TRAINING:
Labels predicted: 	 True targets: 	 Correct labels:
24 			 22 			 18
12 			 17 			 12
26 			 22 			 19
17 			 18 			 14
17 			 16 			 15
6 			 7 			 6
VALIDATION:
Labels predicted: 	 True targets: 	 Correct labels:
2 			 4 			 0
1 			 4 			 0
7 			 0 			 0
2 			 2 			 0
0 			 1 			 0
0 			 1 			 0
Max memory allocated: 128978944; Memory allocated: 112145920
Epoch [30/100] took 0.5089547634124756s
Train mean loss: 0.9375275465158316, train accuracy: 0.8333333333333334
Val mean loss: 2.013347864151001, val accuracy: 0.0

TRAINING:
Labels predicted: 	 True targets: 	 Correct labels:
27 			 22 			 19
11 			 17 			 11
26 			 22 			 21
13 			 18 			 13
19 			 16 			 15
6 			 7 			 6
VALIDATION:
Labels predicted: 	 True targets: 	 Correct labels:
2 			 4 			 0
2 			 4 			 0
5 			 0 			 0
2 			 2 			 0
1 			 1 			 0
0 			 1 			 0
Max memory allocated: 128978944; Memory allocated: 112145920
Epoch [31/100] took 0.5095555782318115s
Train mean loss: 0.9068763577021085, train accuracy: 0.8235294117647058
Val mean loss: 2.035701632499695, val accuracy: 0.0

TRAINING:
Labels predicted: 	 True targets: 	 Correct labels:
23 			 22 			 17
13 			 17 			 12
28 			 22 			 21
13 			 18 			 12
18 			 16 			 15
7 			 7 			 7
VALIDATION:
Labels predicted: 	 True targets: 	 Correct labels:
1 			 4 			 0
1 			 4 			 0
8 			 0 			 0
2 			 2 			 0
0 			 1 			 0
0 			 1 			 0
Max memory allocated: 128978944; Memory allocated: 112176640
Epoch [32/100] took 0.5096683502197266s
Train mean loss: 0.9128146584217365, train accuracy: 0.8137254901960784
Val mean loss: 2.034395456314087, val accuracy: 0.0

TRAINING:
Labels predicted: 	 True targets: 	 Correct labels:
26 			 22 			 19
10 			 17 			 10
30 			 22 			 22
14 			 18 			 13
16 			 16 			 13
6 			 7 			 6
VALIDATION:
Labels predicted: 	 True targets: 	 Correct labels:
1 			 4 			 0
2 			 4 			 0
7 			 0 			 0
2 			 2 			 0
0 			 1 			 0
0 			 1 			 0
Max memory allocated: 128978944; Memory allocated: 112145920
Epoch [33/100] took 0.5105347633361816s
Train mean loss: 0.8845401406288147, train accuracy: 0.8431372549019608
Val mean loss: 2.053737163543701, val accuracy: 0.0

TRAINING:
Labels predicted: 	 True targets: 	 Correct labels:
26 			 22 			 19
14 			 17 			 13
23 			 22 			 19
16 			 18 			 14
17 			 16 			 15
6 			 7 			 6
VALIDATION:
Labels predicted: 	 True targets: 	 Correct labels:
1 			 4 			 0
3 			 4 			 0
5 			 0 			 0
2 			 2 			 0
1 			 1 			 0
0 			 1 			 0
Max memory allocated: 128978944; Memory allocated: 112139776
Epoch [34/100] took 0.5083775520324707s
Train mean loss: 0.8466427142803485, train accuracy: 0.8333333333333334
Val mean loss: 2.197394013404846, val accuracy: 0.0

TRAINING:
Labels predicted: 	 True targets: 	 Correct labels:
26 			 22 			 20
10 			 17 			 10
26 			 22 			 20
14 			 18 			 13
19 			 16 			 15
7 			 7 			 7
VALIDATION:
Labels predicted: 	 True targets: 	 Correct labels:
1 			 4 			 0
2 			 4 			 0
7 			 0 			 0
2 			 2 			 0
0 			 1 			 0
0 			 1 			 0
Max memory allocated: 128978944; Memory allocated: 112145920
Epoch [35/100] took 0.5108828544616699s
Train mean loss: 0.8439864974755508, train accuracy: 0.8431372549019608
Val mean loss: 2.0167077779769897, val accuracy: 0.0

TRAINING:
Labels predicted: 	 True targets: 	 Correct labels:
28 			 22 			 20
11 			 17 			 11
25 			 22 			 21
13 			 18 			 12
18 			 16 			 15
7 			 7 			 7
VALIDATION:
Labels predicted: 	 True targets: 	 Correct labels:
2 			 4 			 0
3 			 4 			 0
4 			 0 			 0
2 			 2 			 0
1 			 1 			 0
0 			 1 			 0
Max memory allocated: 128978944; Memory allocated: 112176640
Epoch [36/100] took 0.506732702255249s
Train mean loss: 0.810097859455989, train accuracy: 0.8725490196078431
Val mean loss: 1.9843477010726929, val accuracy: 0.0

TRAINING:
Labels predicted: 	 True targets: 	 Correct labels:
24 			 22 			 19
16 			 17 			 14
22 			 22 			 20
16 			 18 			 14
17 			 16 			 15
7 			 7 			 7
VALIDATION:
Labels predicted: 	 True targets: 	 Correct labels:
1 			 4 			 0
3 			 4 			 0
5 			 0 			 0
2 			 2 			 0
1 			 1 			 0
0 			 1 			 0
Max memory allocated: 128978944; Memory allocated: 112176640
Epoch [37/100] took 0.5113446712493896s
Train mean loss: 0.8394125791696402, train accuracy: 0.8627450980392157
Val mean loss: 2.1503103971481323, val accuracy: 0.0

TRAINING:
Labels predicted: 	 True targets: 	 Correct labels:
23 			 22 			 19
12 			 17 			 12
25 			 22 			 20
17 			 18 			 15
18 			 16 			 15
7 			 7 			 7
VALIDATION:
Labels predicted: 	 True targets: 	 Correct labels:
2 			 4 			 0
2 			 4 			 0
5 			 0 			 0
2 			 2 			 0
1 			 1 			 0
0 			 1 			 0
Max memory allocated: 128978944; Memory allocated: 112145920
Epoch [38/100] took 0.5095582008361816s
Train mean loss: 0.8183778157600989, train accuracy: 0.8529411764705882
Val mean loss: 2.0411842465400696, val accuracy: 0.0

TRAINING:
Labels predicted: 	 True targets: 	 Correct labels:
26 			 22 			 20
12 			 17 			 12
22 			 22 			 19
19 			 18 			 15
17 			 16 			 15
6 			 7 			 6
VALIDATION:
Labels predicted: 	 True targets: 	 Correct labels:
1 			 4 			 0
2 			 4 			 0
7 			 0 			 0
2 			 2 			 0
0 			 1 			 0
0 			 1 			 0
Max memory allocated: 128978944; Memory allocated: 112139776
Epoch [39/100] took 0.5090160369873047s
Train mean loss: 0.8163052797317505, train accuracy: 0.8431372549019608
Val mean loss: 2.1532386541366577, val accuracy: 0.0

TRAINING:
Labels predicted: 	 True targets: 	 Correct labels:
26 			 22 			 20
12 			 17 			 12
30 			 22 			 22
11 			 18 			 11
16 			 16 			 14
7 			 7 			 7
VALIDATION:
Labels predicted: 	 True targets: 	 Correct labels:
1 			 4 			 0
2 			 4 			 0
7 			 0 			 0
2 			 2 			 0
0 			 1 			 0
0 			 1 			 0
Max memory allocated: 128978944; Memory allocated: 112145920
Epoch [40/100] took 0.5090954303741455s
Train mean loss: 0.8028488480127774, train accuracy: 0.8627450980392157
Val mean loss: 2.225645899772644, val accuracy: 0.0

TRAINING:
Labels predicted: 	 True targets: 	 Correct labels:
23 			 22 			 19
13 			 17 			 13
26 			 22 			 21
16 			 18 			 14
18 			 16 			 15
6 			 7 			 6
VALIDATION:
Labels predicted: 	 True targets: 	 Correct labels:
1 			 4 			 0
3 			 4 			 0
6 			 0 			 0
2 			 2 			 0
0 			 1 			 0
0 			 1 			 0
Max memory allocated: 128978944; Memory allocated: 112083456
Epoch [41/100] took 0.5099430084228516s
Train mean loss: 0.7624943623175988, train accuracy: 0.8921568627450981
Val mean loss: 2.1011383533477783, val accuracy: 0.0

TRAINING:
Labels predicted: 	 True targets: 	 Correct labels:
23 			 22 			 19
14 			 17 			 14
22 			 22 			 20
20 			 18 			 17
17 			 16 			 15
6 			 7 			 6
VALIDATION:
Labels predicted: 	 True targets: 	 Correct labels:
2 			 4 			 0
3 			 4 			 0
4 			 0 			 0
2 			 2 			 0
1 			 1 			 0
0 			 1 			 0
Max memory allocated: 128978944; Memory allocated: 112145920
Epoch [42/100] took 0.5092129707336426s
Train mean loss: 0.7975094364239619, train accuracy: 0.8431372549019608
Val mean loss: 2.1711760759353638, val accuracy: 0.0

TRAINING:
Labels predicted: 	 True targets: 	 Correct labels:
27 			 22 			 20
13 			 17 			 13
24 			 22 			 20
13 			 18 			 12
19 			 16 			 15
6 			 7 			 6
VALIDATION:
Labels predicted: 	 True targets: 	 Correct labels:
2 			 4 			 0
2 			 4 			 0
6 			 0 			 0
2 			 2 			 0
0 			 1 			 0
0 			 1 			 0
Max memory allocated: 128978944; Memory allocated: 112139776
Epoch [43/100] took 0.5039882659912109s
Train mean loss: 0.7365138805829562, train accuracy: 0.8921568627450981
Val mean loss: 2.1881145238876343, val accuracy: 0.0

TRAINING:
Labels predicted: 	 True targets: 	 Correct labels:
23 			 22 			 19
13 			 17 			 13
26 			 22 			 22
16 			 18 			 15
17 			 16 			 15
7 			 7 			 7
VALIDATION:
Labels predicted: 	 True targets: 	 Correct labels:
1 			 4 			 0
3 			 4 			 0
6 			 0 			 0
2 			 2 			 0
0 			 1 			 0
0 			 1 			 0
Max memory allocated: 128978944; Memory allocated: 112145920
Epoch [44/100] took 0.5083353519439697s
Train mean loss: 0.7609132344906147, train accuracy: 0.9019607843137255
Val mean loss: 2.032079756259918, val accuracy: 0.0

TRAINING:
Labels predicted: 	 True targets: 	 Correct labels:
26 			 22 			 21
13 			 17 			 13
26 			 22 			 22
14 			 18 			 14
16 			 16 			 15
7 			 7 			 7
VALIDATION:
Labels predicted: 	 True targets: 	 Correct labels:
2 			 4 			 0
3 			 4 			 0
5 			 0 			 0
2 			 2 			 0
0 			 1 			 0
0 			 1 			 0
Max memory allocated: 128978944; Memory allocated: 112145920
Epoch [45/100] took 0.5117700099945068s
Train mean loss: 0.7417494310782506, train accuracy: 0.9117647058823529
Val mean loss: 2.220233917236328, val accuracy: 0.0

TRAINING:
Labels predicted: 	 True targets: 	 Correct labels:
22 			 22 			 20
15 			 17 			 15
23 			 22 			 20
16 			 18 			 15
19 			 16 			 16
7 			 7 			 7
VALIDATION:
Labels predicted: 	 True targets: 	 Correct labels:
1 			 4 			 0
3 			 4 			 0
5 			 0 			 0
2 			 2 			 0
1 			 1 			 0
0 			 1 			 0
Max memory allocated: 128978944; Memory allocated: 112176640
Epoch [46/100] took 0.5126323699951172s
Train mean loss: 0.752236361687, train accuracy: 0.8725490196078431
Val mean loss: 2.0676685571670532, val accuracy: 0.0

TRAINING:
Labels predicted: 	 True targets: 	 Correct labels:
25 			 22 			 20
15 			 17 			 14
21 			 22 			 19
16 			 18 			 15
19 			 16 			 15
6 			 7 			 6
VALIDATION:
Labels predicted: 	 True targets: 	 Correct labels:
2 			 4 			 0
2 			 4 			 0
5 			 0 			 0
2 			 2 			 0
1 			 1 			 0
0 			 1 			 0
Max memory allocated: 128978944; Memory allocated: 112145920
Epoch [47/100] took 0.5097808837890625s
Train mean loss: 0.7021768001409677, train accuracy: 0.8529411764705882
Val mean loss: 2.1778976917266846, val accuracy: 0.0

TRAINING:
Labels predicted: 	 True targets: 	 Correct labels:
25 			 22 			 20
10 			 17 			 10
27 			 22 			 20
16 			 18 			 15
17 			 16 			 15
7 			 7 			 7
VALIDATION:
Labels predicted: 	 True targets: 	 Correct labels:
2 			 4 			 0
1 			 4 			 0
7 			 0 			 0
2 			 2 			 0
0 			 1 			 0
0 			 1 			 0
Max memory allocated: 128978944; Memory allocated: 112145920
Epoch [48/100] took 0.5094077587127686s
Train mean loss: 0.6975243504230793, train accuracy: 0.9019607843137255
Val mean loss: 2.2546141147613525, val accuracy: 0.0

TRAINING:
Labels predicted: 	 True targets: 	 Correct labels:
24 			 22 			 20
13 			 17 			 13
26 			 22 			 22
16 			 18 			 16
17 			 16 			 15
6 			 7 			 6
VALIDATION:
Labels predicted: 	 True targets: 	 Correct labels:
2 			 4 			 0
3 			 4 			 0
4 			 0 			 0
2 			 2 			 0
1 			 1 			 0
0 			 1 			 0
Max memory allocated: 128978944; Memory allocated: 112145920
Epoch [49/100] took 0.5091750621795654s
Train mean loss: 0.714746505022049, train accuracy: 0.9019607843137255
Val mean loss: 2.1258515119552612, val accuracy: 0.0

TRAINING:
Labels predicted: 	 True targets: 	 Correct labels:
26 			 22 			 21
15 			 17 			 14
20 			 22 			 19
18 			 18 			 16
16 			 16 			 15
7 			 7 			 7
VALIDATION:
Labels predicted: 	 True targets: 	 Correct labels:
2 			 4 			 0
3 			 4 			 0
4 			 0 			 0
2 			 2 			 0
1 			 1 			 0
0 			 1 			 0
Max memory allocated: 128978944; Memory allocated: 112101888
Epoch [50/100] took 0.5089132785797119s
Train mean loss: 0.6801606806424948, train accuracy: 0.9313725490196079
Val mean loss: 2.3183107376098633, val accuracy: 0.0

TRAINING:
Labels predicted: 	 True targets: 	 Correct labels:
25 			 22 			 21
14 			 17 			 14
24 			 22 			 22
16 			 18 			 16
16 			 16 			 15
7 			 7 			 7
VALIDATION:
Labels predicted: 	 True targets: 	 Correct labels:
1 			 4 			 0
2 			 4 			 0
6 			 0 			 0
2 			 2 			 0
1 			 1 			 0
0 			 1 			 0
Max memory allocated: 128978944; Memory allocated: 112145920
Epoch [51/100] took 0.5090856552124023s
Train mean loss: 0.6929682493209839, train accuracy: 0.9117647058823529
Val mean loss: 2.145641803741455, val accuracy: 0.0

TRAINING:
Labels predicted: 	 True targets: 	 Correct labels:
24 			 22 			 20
14 			 17 			 14
24 			 22 			 21
17 			 18 			 16
16 			 16 			 15
7 			 7 			 7
VALIDATION:
Labels predicted: 	 True targets: 	 Correct labels:
2 			 4 			 0
3 			 4 			 0
5 			 0 			 0
2 			 2 			 0
0 			 1 			 0
0 			 1 			 0
Max memory allocated: 128978944; Memory allocated: 112145920
Epoch [52/100] took 0.50956130027771s
Train mean loss: 0.6766819036923922, train accuracy: 0.9411764705882353
Val mean loss: 2.2087159156799316, val accuracy: 0.0

TRAINING:
Labels predicted: 	 True targets: 	 Correct labels:
23 			 22 			 21
16 			 17 			 16
23 			 22 			 21
17 			 18 			 16
16 			 16 			 15
7 			 7 			 7
VALIDATION:
Labels predicted: 	 True targets: 	 Correct labels:
1 			 4 			 0
3 			 4 			 0
5 			 0 			 0
2 			 2 			 0
1 			 1 			 0
0 			 1 			 0
Max memory allocated: 128978944; Memory allocated: 112145920
Epoch [53/100] took 0.5098526477813721s
Train mean loss: 0.6467108726501465, train accuracy: 0.8823529411764706
Val mean loss: 2.2934954166412354, val accuracy: 0.0

TRAINING:
Labels predicted: 	 True targets: 	 Correct labels:
25 			 22 			 20
14 			 17 			 14
24 			 22 			 21
13 			 18 			 13
19 			 16 			 15
7 			 7 			 7
VALIDATION:
Labels predicted: 	 True targets: 	 Correct labels:
2 			 4 			 0
3 			 4 			 0
4 			 0 			 0
2 			 2 			 0
1 			 1 			 0
0 			 1 			 0
Max memory allocated: 128978944; Memory allocated: 112145920
Epoch [54/100] took 0.5086145401000977s
Train mean loss: 0.6301164466601151, train accuracy: 0.9215686274509803
Val mean loss: 2.177687883377075, val accuracy: 0.0

TRAINING:
Labels predicted: 	 True targets: 	 Correct labels:
25 			 22 			 21
14 			 17 			 13
24 			 22 			 22
16 			 18 			 16
16 			 16 			 15
7 			 7 			 7
VALIDATION:
Labels predicted: 	 True targets: 	 Correct labels:
2 			 4 			 0
3 			 4 			 0
5 			 0 			 0
2 			 2 			 0
0 			 1 			 0
0 			 1 			 0
Max memory allocated: 128978944; Memory allocated: 112145920
Epoch [55/100] took 0.5109333992004395s
Train mean loss: 0.6026859260522403, train accuracy: 0.9411764705882353
Val mean loss: 2.3290880918502808, val accuracy: 0.0

TRAINING:
Labels predicted: 	 True targets: 	 Correct labels:
23 			 22 			 21
15 			 17 			 15
25 			 22 			 22
16 			 18 			 16
16 			 16 			 15
7 			 7 			 7
VALIDATION:
Labels predicted: 	 True targets: 	 Correct labels:
1 			 4 			 0
3 			 4 			 0
6 			 0 			 0
2 			 2 			 0
0 			 1 			 0
0 			 1 			 0
Max memory allocated: 128978944; Memory allocated: 112101888
Epoch [56/100] took 0.5104162693023682s
Train mean loss: 0.6404555829671713, train accuracy: 0.9215686274509803
Val mean loss: 2.246281862258911, val accuracy: 0.0

TRAINING:
Labels predicted: 	 True targets: 	 Correct labels:
23 			 22 			 20
15 			 17 			 15
25 			 22 			 22
16 			 18 			 16
17 			 16 			 15
6 			 7 			 6
VALIDATION:
Labels predicted: 	 True targets: 	 Correct labels:
2 			 4 			 0
3 			 4 			 0
4 			 0 			 0
2 			 2 			 0
1 			 1 			 0
0 			 1 			 0
Max memory allocated: 128978944; Memory allocated: 112145920
Epoch [57/100] took 0.5014588832855225s
Train mean loss: 0.6132199145280398, train accuracy: 0.9313725490196079
Val mean loss: 2.273185610771179, val accuracy: 0.0

TRAINING:
Labels predicted: 	 True targets: 	 Correct labels:
23 			 22 			 20
15 			 17 			 15
24 			 22 			 22
16 			 18 			 16
17 			 16 			 15
7 			 7 			 7
VALIDATION:
Labels predicted: 	 True targets: 	 Correct labels:
2 			 4 			 0
3 			 4 			 0
5 			 0 			 0
2 			 2 			 0
0 			 1 			 0
0 			 1 			 0
Max memory allocated: 128978944; Memory allocated: 112145920
Epoch [58/100] took 0.5087177753448486s
Train mean loss: 0.6092412861493918, train accuracy: 0.9313725490196079
Val mean loss: 2.318804621696472, val accuracy: 0.0

TRAINING:
Labels predicted: 	 True targets: 	 Correct labels:
25 			 22 			 21
14 			 17 			 14
24 			 22 			 22
16 			 18 			 16
16 			 16 			 15
7 			 7 			 7
VALIDATION:
Labels predicted: 	 True targets: 	 Correct labels:
2 			 4 			 0
3 			 4 			 0
4 			 0 			 0
2 			 2 			 0
1 			 1 			 0
0 			 1 			 0
Max memory allocated: 128978944; Memory allocated: 112145920
Epoch [59/100] took 0.5094795227050781s
Train mean loss: 0.5629389263116397, train accuracy: 0.9411764705882353
Val mean loss: 2.3597586154937744, val accuracy: 0.0

TRAINING:
Labels predicted: 	 True targets: 	 Correct labels:
24 			 22 			 21
15 			 17 			 15
22 			 22 			 21
17 			 18 			 17
17 			 16 			 15
7 			 7 			 7
VALIDATION:
Labels predicted: 	 True targets: 	 Correct labels:
2 			 4 			 0
3 			 4 			 0
4 			 0 			 0
2 			 2 			 0
1 			 1 			 0
0 			 1 			 0
Max memory allocated: 128978944; Memory allocated: 112145920
Epoch [60/100] took 0.5089499950408936s
Train mean loss: 0.5821308837487147, train accuracy: 0.9313725490196079
Val mean loss: 2.2245051860809326, val accuracy: 0.0

TRAINING:
Labels predicted: 	 True targets: 	 Correct labels:
25 			 22 			 21
14 			 17 			 14
24 			 22 			 22
16 			 18 			 16
16 			 16 			 15
7 			 7 			 7
VALIDATION:
Labels predicted: 	 True targets: 	 Correct labels:
2 			 4 			 0
2 			 4 			 0
6 			 0 			 0
2 			 2 			 0
0 			 1 			 0
0 			 1 			 0
Max memory allocated: 128978944; Memory allocated: 112139776
Epoch [61/100] took 0.5093629360198975s
Train mean loss: 0.5802132854094872, train accuracy: 0.9215686274509803
Val mean loss: 2.2784106731414795, val accuracy: 0.0

TRAINING:
Labels predicted: 	 True targets: 	 Correct labels:
25 			 22 			 21
14 			 17 			 14
23 			 22 			 21
17 			 18 			 16
16 			 16 			 15
7 			 7 			 7
VALIDATION:
Labels predicted: 	 True targets: 	 Correct labels:
2 			 4 			 0
2 			 4 			 0
6 			 0 			 0
2 			 2 			 0
0 			 1 			 0
0 			 1 			 0
Max memory allocated: 128978944; Memory allocated: 112176640
Epoch [62/100] took 0.5098145008087158s
Train mean loss: 0.5828023667518909, train accuracy: 0.9509803921568627
Val mean loss: 2.2820751667022705, val accuracy: 0.0

TRAINING:
Labels predicted: 	 True targets: 	 Correct labels:
23 			 22 			 21
16 			 17 			 16
24 			 22 			 22
16 			 18 			 16
16 			 16 			 15
7 			 7 			 7
VALIDATION:
Labels predicted: 	 True targets: 	 Correct labels:
2 			 4 			 0
3 			 4 			 0
4 			 0 			 0
2 			 2 			 0
1 			 1 			 0
0 			 1 			 0
Max memory allocated: 128978944; Memory allocated: 112176640
Epoch [63/100] took 0.5106508731842041s
Train mean loss: 0.5966834448851072, train accuracy: 0.9411764705882353
Val mean loss: 2.2449116706848145, val accuracy: 0.0

TRAINING:
Labels predicted: 	 True targets: 	 Correct labels:
23 			 22 			 21
17 			 17 			 16
24 			 22 			 22
15 			 18 			 15
16 			 16 			 15
7 			 7 			 7
VALIDATION:
Labels predicted: 	 True targets: 	 Correct labels:
2 			 4 			 0
3 			 4 			 0
4 			 0 			 0
2 			 2 			 0
1 			 1 			 0
0 			 1 			 0
Max memory allocated: 128978944; Memory allocated: 112176640
Epoch [64/100] took 0.5110037326812744s
Train mean loss: 0.5725839894551498, train accuracy: 0.9509803921568627
Val mean loss: 2.3927234411239624, val accuracy: 0.0

TRAINING:
Labels predicted: 	 True targets: 	 Correct labels:
24 			 22 			 21
15 			 17 			 15
23 			 22 			 22
17 			 18 			 17
16 			 16 			 15
7 			 7 			 7
VALIDATION:
Labels predicted: 	 True targets: 	 Correct labels:
1 			 4 			 0
2 			 4 			 0
6 			 0 			 0
2 			 2 			 0
1 			 1 			 0
0 			 1 			 0
Max memory allocated: 128978944; Memory allocated: 112145920
Epoch [65/100] took 0.5108280181884766s
Train mean loss: 0.5767141695205982, train accuracy: 0.9411764705882353
Val mean loss: 2.206921339035034, val accuracy: 0.0

TRAINING:
Labels predicted: 	 True targets: 	 Correct labels:
24 			 22 			 21
15 			 17 			 15
24 			 22 			 22
16 			 18 			 16
16 			 16 			 15
7 			 7 			 7
VALIDATION:
Labels predicted: 	 True targets: 	 Correct labels:
2 			 4 			 0
3 			 4 			 0
4 			 0 			 0
2 			 2 			 0
1 			 1 			 0
0 			 1 			 0
Max memory allocated: 128978944; Memory allocated: 112145920
Epoch [66/100] took 0.5087954998016357s
Train mean loss: 0.5390373055751507, train accuracy: 0.9607843137254902
Val mean loss: 2.436710476875305, val accuracy: 0.0

TRAINING:
Labels predicted: 	 True targets: 	 Correct labels:
23 			 22 			 21
16 			 17 			 16
23 			 22 			 22
17 			 18 			 17
16 			 16 			 15
7 			 7 			 7
VALIDATION:
Labels predicted: 	 True targets: 	 Correct labels:
1 			 4 			 0
3 			 4 			 0
5 			 0 			 0
2 			 2 			 0
1 			 1 			 0
0 			 1 			 0
Max memory allocated: 128978944; Memory allocated: 112176640
Epoch [67/100] took 0.5098226070404053s
Train mean loss: 0.5375253305985377, train accuracy: 0.9215686274509803
Val mean loss: 2.4093549251556396, val accuracy: 0.0

TRAINING:
Labels predicted: 	 True targets: 	 Correct labels:
24 			 22 			 20
14 			 17 			 14
24 			 22 			 22
16 			 18 			 16
17 			 16 			 15
7 			 7 			 7
VALIDATION:
Labels predicted: 	 True targets: 	 Correct labels:
2 			 4 			 0
3 			 4 			 0
4 			 0 			 0
2 			 2 			 0
1 			 1 			 0
0 			 1 			 0
Max memory allocated: 128978944; Memory allocated: 112145920
Epoch [68/100] took 0.510047197341919s
Train mean loss: 0.5254371968599466, train accuracy: 0.9411764705882353
Val mean loss: 2.294002056121826, val accuracy: 0.0

TRAINING:
Labels predicted: 	 True targets: 	 Correct labels:
24 			 22 			 21
15 			 17 			 15
24 			 22 			 22
16 			 18 			 16
16 			 16 			 15
7 			 7 			 7
VALIDATION:
Labels predicted: 	 True targets: 	 Correct labels:
2 			 4 			 0
3 			 4 			 0
4 			 0 			 0
2 			 2 			 0
1 			 1 			 0
0 			 1 			 0
Max memory allocated: 128978944; Memory allocated: 112145920
Epoch [69/100] took 0.509453535079956s
Train mean loss: 0.540163897551023, train accuracy: 0.9411764705882353
Val mean loss: 2.3386188745498657, val accuracy: 0.0

TRAINING:
Labels predicted: 	 True targets: 	 Correct labels:
24 			 22 			 21
15 			 17 			 15
24 			 22 			 22
16 			 18 			 16
16 			 16 			 15
7 			 7 			 7
VALIDATION:
Labels predicted: 	 True targets: 	 Correct labels:
2 			 4 			 0
2 			 4 			 0
6 			 0 			 0
2 			 2 			 0
0 			 1 			 0
0 			 1 			 0
Max memory allocated: 128978944; Memory allocated: 112176640
Epoch [70/100] took 0.5104527473449707s
Train mean loss: 0.5212576801960285, train accuracy: 0.9509803921568627
Val mean loss: 2.2534278631210327, val accuracy: 0.0

TRAINING:
Labels predicted: 	 True targets: 	 Correct labels:
23 			 22 			 21
16 			 17 			 16
24 			 22 			 22
16 			 18 			 16
16 			 16 			 15
7 			 7 			 7
VALIDATION:
Labels predicted: 	 True targets: 	 Correct labels:
2 			 4 			 0
3 			 4 			 0
4 			 0 			 0
2 			 2 			 0
1 			 1 			 0
0 			 1 			 0
Max memory allocated: 128978944; Memory allocated: 112145920
Epoch [71/100] took 0.5098786354064941s
Train mean loss: 0.4890686273574829, train accuracy: 0.9607843137254902
Val mean loss: 2.333865523338318, val accuracy: 0.0

TRAINING:
Labels predicted: 	 True targets: 	 Correct labels:
23 			 22 			 21
16 			 17 			 16
23 			 22 			 22
17 			 18 			 17
16 			 16 			 15
7 			 7 			 7
VALIDATION:
Labels predicted: 	 True targets: 	 Correct labels:
2 			 4 			 0
3 			 4 			 0
4 			 0 			 0
2 			 2 			 0
1 			 1 			 0
0 			 1 			 0
Max memory allocated: 128978944; Memory allocated: 112176640
Epoch [72/100] took 0.5092318058013916s
Train mean loss: 0.5116363144837893, train accuracy: 0.9509803921568627
Val mean loss: 2.3333702087402344, val accuracy: 0.0

TRAINING:
Labels predicted: 	 True targets: 	 Correct labels:
22 			 22 			 21
15 			 17 			 15
22 			 22 			 21
20 			 18 			 18
16 			 16 			 15
7 			 7 			 7
VALIDATION:
Labels predicted: 	 True targets: 	 Correct labels:
2 			 4 			 0
3 			 4 			 0
4 			 0 			 0
2 			 2 			 0
1 			 1 			 0
0 			 1 			 0
Max memory allocated: 128978944; Memory allocated: 112176640
Epoch [73/100] took 0.5105156898498535s
Train mean loss: 0.5171087957345523, train accuracy: 0.9313725490196079
Val mean loss: 2.4250024557113647, val accuracy: 0.0

TRAINING:
Labels predicted: 	 True targets: 	 Correct labels:
24 			 22 			 21
15 			 17 			 15
23 			 22 			 21
17 			 18 			 16
16 			 16 			 15
7 			 7 			 7
VALIDATION:
Labels predicted: 	 True targets: 	 Correct labels:
2 			 4 			 0
2 			 4 			 0
6 			 0 			 0
2 			 2 			 0
0 			 1 			 0
0 			 1 			 0
Max memory allocated: 128978944; Memory allocated: 112145920
Epoch [74/100] took 0.5108637809753418s
Train mean loss: 0.5127710952208593, train accuracy: 0.9411764705882353
Val mean loss: 2.30555260181427, val accuracy: 0.0

TRAINING:
Labels predicted: 	 True targets: 	 Correct labels:
23 			 22 			 21
17 			 17 			 16
24 			 22 			 22
15 			 18 			 15
16 			 16 			 15
7 			 7 			 7
VALIDATION:
Labels predicted: 	 True targets: 	 Correct labels:
1 			 4 			 0
3 			 4 			 0
5 			 0 			 0
2 			 2 			 0
1 			 1 			 0
0 			 1 			 0
Max memory allocated: 128978944; Memory allocated: 112176640
Epoch [75/100] took 0.5109028816223145s
Train mean loss: 0.4889436180774982, train accuracy: 0.9705882352941176
Val mean loss: 2.4619603157043457, val accuracy: 0.0

TRAINING:
Labels predicted: 	 True targets: 	 Correct labels:
22 			 22 			 21
16 			 17 			 16
23 			 22 			 22
18 			 18 			 18
16 			 16 			 15
7 			 7 			 7
VALIDATION:
Labels predicted: 	 True targets: 	 Correct labels:
2 			 4 			 0
3 			 4 			 0
4 			 0 			 0
2 			 2 			 0
1 			 1 			 0
0 			 1 			 0
Max memory allocated: 128978944; Memory allocated: 112176640
Epoch [76/100] took 0.5101151466369629s
Train mean loss: 0.489447479064648, train accuracy: 0.9509803921568627
Val mean loss: 2.2902395725250244, val accuracy: 0.0

TRAINING:
Labels predicted: 	 True targets: 	 Correct labels:
24 			 22 			 21
15 			 17 			 15
23 			 22 			 22
17 			 18 			 17
16 			 16 			 15
7 			 7 			 7
VALIDATION:
Labels predicted: 	 True targets: 	 Correct labels:
2 			 4 			 0
2 			 4 			 0
5 			 0 			 0
2 			 2 			 0
1 			 1 			 0
0 			 1 			 0
Max memory allocated: 128978944; Memory allocated: 112176640
Epoch [77/100] took 0.509789228439331s
Train mean loss: 0.4582012708370502, train accuracy: 0.9607843137254902
Val mean loss: 2.465131402015686, val accuracy: 0.0

TRAINING:
Labels predicted: 	 True targets: 	 Correct labels:
21 			 22 			 21
16 			 17 			 16
23 			 22 			 21
18 			 18 			 17
17 			 16 			 16
7 			 7 			 7
VALIDATION:
Labels predicted: 	 True targets: 	 Correct labels:
1 			 4 			 0
2 			 4 			 0
6 			 0 			 0
2 			 2 			 0
1 			 1 			 0
0 			 1 			 0
Max memory allocated: 128978944; Memory allocated: 112145920
Epoch [78/100] took 0.5102300643920898s
Train mean loss: 0.45717530296399045, train accuracy: 0.9705882352941176
Val mean loss: 2.360210657119751, val accuracy: 0.0

TRAINING:
Labels predicted: 	 True targets: 	 Correct labels:
21 			 22 			 21
16 			 17 			 16
24 			 22 			 22
17 			 18 			 17
17 			 16 			 16
7 			 7 			 7
VALIDATION:
Labels predicted: 	 True targets: 	 Correct labels:
1 			 4 			 0
3 			 4 			 0
5 			 0 			 0
2 			 2 			 0
1 			 1 			 0
0 			 1 			 0
Max memory allocated: 128978944; Memory allocated: 112176640
Epoch [79/100] took 0.5099749565124512s
Train mean loss: 0.47248824743124157, train accuracy: 0.9607843137254902
Val mean loss: 2.2750381231307983, val accuracy: 0.0

TRAINING:
Labels predicted: 	 True targets: 	 Correct labels:
23 			 22 			 21
16 			 17 			 16
23 			 22 			 22
17 			 18 			 17
16 			 16 			 15
7 			 7 			 7
VALIDATION:
Labels predicted: 	 True targets: 	 Correct labels:
2 			 4 			 0
3 			 4 			 0
5 			 0 			 0
2 			 2 			 0
0 			 1 			 0
0 			 1 			 0
Max memory allocated: 128978944; Memory allocated: 112176640
Epoch [80/100] took 0.5092136859893799s
Train mean loss: 0.4520325202208299, train accuracy: 0.9509803921568627
Val mean loss: 2.52734112739563, val accuracy: 0.0

TRAINING:
Labels predicted: 	 True targets: 	 Correct labels:
23 			 22 			 21
16 			 17 			 16
24 			 22 			 22
16 			 18 			 16
16 			 16 			 15
7 			 7 			 7
VALIDATION:
Labels predicted: 	 True targets: 	 Correct labels:
1 			 4 			 0
3 			 4 			 0
5 			 0 			 0
2 			 2 			 0
1 			 1 			 0
0 			 1 			 0
Max memory allocated: 128978944; Memory allocated: 112083456
Epoch [81/100] took 0.5101408958435059s
Train mean loss: 0.4491086991933676, train accuracy: 0.9705882352941176
Val mean loss: 2.325616478919983, val accuracy: 0.0

TRAINING:
Labels predicted: 	 True targets: 	 Correct labels:
22 			 22 			 21
16 			 17 			 16
23 			 22 			 22
18 			 18 			 18
16 			 16 			 15
7 			 7 			 7
VALIDATION:
Labels predicted: 	 True targets: 	 Correct labels:
1 			 4 			 0
3 			 4 			 0
5 			 0 			 0
2 			 2 			 0
1 			 1 			 0
0 			 1 			 0
Max memory allocated: 128978944; Memory allocated: 112176640
Epoch [82/100] took 0.5110743045806885s
Train mean loss: 0.4683147141566643, train accuracy: 0.9509803921568627
Val mean loss: 2.4712798595428467, val accuracy: 0.0

TRAINING:
Labels predicted: 	 True targets: 	 Correct labels:
23 			 22 			 21
16 			 17 			 16
24 			 22 			 22
16 			 18 			 16
16 			 16 			 15
7 			 7 			 7
VALIDATION:
Labels predicted: 	 True targets: 	 Correct labels:
2 			 4 			 0
3 			 4 			 0
4 			 0 			 0
2 			 2 			 0
1 			 1 			 0
0 			 1 			 0
Max memory allocated: 128978944; Memory allocated: 112176640
Epoch [83/100] took 0.5089080333709717s
Train mean loss: 0.4408799914213327, train accuracy: 0.9509803921568627
Val mean loss: 2.3090068101882935, val accuracy: 0.0

TRAINING:
Labels predicted: 	 True targets: 	 Correct labels:
22 			 22 			 20
18 			 17 			 17
22 			 22 			 22
16 			 18 			 16
17 			 16 			 15
7 			 7 			 7
VALIDATION:
Labels predicted: 	 True targets: 	 Correct labels:
1 			 4 			 0
3 			 4 			 0
5 			 0 			 0
2 			 2 			 0
1 			 1 			 0
0 			 1 			 0
Max memory allocated: 128978944; Memory allocated: 112176640
Epoch [84/100] took 0.5112776756286621s
Train mean loss: 0.4471234060250796, train accuracy: 0.9705882352941176
Val mean loss: 2.344550609588623, val accuracy: 0.0

TRAINING:
Labels predicted: 	 True targets: 	 Correct labels:
21 			 22 			 20
17 			 17 			 17
22 			 22 			 22
18 			 18 			 18
17 			 16 			 15
7 			 7 			 7
VALIDATION:
Labels predicted: 	 True targets: 	 Correct labels:
2 			 4 			 0
3 			 4 			 0
4 			 0 			 0
2 			 2 			 0
1 			 1 			 0
0 			 1 			 0
Max memory allocated: 128978944; Memory allocated: 112139776
Epoch [85/100] took 0.5093109607696533s
Train mean loss: 0.4364418868835156, train accuracy: 0.9607843137254902
Val mean loss: 2.6070975065231323, val accuracy: 0.0

TRAINING:
Labels predicted: 	 True targets: 	 Correct labels:
23 			 22 			 21
16 			 17 			 16
23 			 22 			 22
17 			 18 			 17
16 			 16 			 15
7 			 7 			 7
VALIDATION:
Labels predicted: 	 True targets: 	 Correct labels:
2 			 4 			 0
3 			 4 			 0
5 			 0 			 0
2 			 2 			 0
0 			 1 			 0
0 			 1 			 0
Max memory allocated: 128978944; Memory allocated: 112145920
Epoch [86/100] took 0.5112574100494385s
Train mean loss: 0.4358722957280966, train accuracy: 0.9705882352941176
Val mean loss: 2.4559569358825684, val accuracy: 0.0

TRAINING:
Labels predicted: 	 True targets: 	 Correct labels:
22 			 22 			 21
16 			 17 			 16
23 			 22 			 22
18 			 18 			 18
16 			 16 			 15
7 			 7 			 7
VALIDATION:
Labels predicted: 	 True targets: 	 Correct labels:
1 			 4 			 0
3 			 4 			 0
5 			 0 			 0
2 			 2 			 0
1 			 1 			 0
0 			 1 			 0
Max memory allocated: 128978944; Memory allocated: 112101888
Epoch [87/100] took 0.5085723400115967s
Train mean loss: 0.4207933201239659, train accuracy: 0.9803921568627451
Val mean loss: 2.4924410581588745, val accuracy: 0.0

TRAINING:
Labels predicted: 	 True targets: 	 Correct labels:
22 			 22 			 21
17 			 17 			 17
22 			 22 			 22
17 			 18 			 17
17 			 16 			 16
7 			 7 			 7
VALIDATION:
Labels predicted: 	 True targets: 	 Correct labels:
2 			 4 			 0
3 			 4 			 0
4 			 0 			 0
2 			 2 			 0
1 			 1 			 0
0 			 1 			 0
Max memory allocated: 128978944; Memory allocated: 112145920
Epoch [88/100] took 0.5106713771820068s
Train mean loss: 0.4279346007567186, train accuracy: 0.9607843137254902
Val mean loss: 2.378275990486145, val accuracy: 0.0

TRAINING:
Labels predicted: 	 True targets: 	 Correct labels:
22 			 22 			 20
17 			 17 			 17
22 			 22 			 22
17 			 18 			 17
17 			 16 			 15
7 			 7 			 7
VALIDATION:
Labels predicted: 	 True targets: 	 Correct labels:
2 			 4 			 0
3 			 4 			 0
4 			 0 			 0
2 			 2 			 0
1 			 1 			 0
0 			 1 			 0
Max memory allocated: 128978944; Memory allocated: 112133632
Epoch [89/100] took 0.5093157291412354s
Train mean loss: 0.4191926901157086, train accuracy: 0.9705882352941176
Val mean loss: 2.45872163772583, val accuracy: 0.0

TRAINING:
Labels predicted: 	 True targets: 	 Correct labels:
22 			 22 			 21
16 			 17 			 16
23 			 22 			 22
18 			 18 			 18
16 			 16 			 15
7 			 7 			 7
VALIDATION:
Labels predicted: 	 True targets: 	 Correct labels:
1 			 4 			 0
2 			 4 			 0
6 			 0 			 0
2 			 2 			 0
1 			 1 			 0
0 			 1 			 0
Max memory allocated: 128978944; Memory allocated: 112176640
Epoch [90/100] took 0.5102090835571289s
Train mean loss: 0.4180448307440831, train accuracy: 0.9803921568627451
Val mean loss: 2.346655547618866, val accuracy: 0.0

TRAINING:
Labels predicted: 	 True targets: 	 Correct labels:
21 			 22 			 21
16 			 17 			 16
23 			 22 			 22
18 			 18 			 18
17 			 16 			 16
7 			 7 			 7
VALIDATION:
Labels predicted: 	 True targets: 	 Correct labels:
2 			 4 			 0
2 			 4 			 0
5 			 0 			 0
2 			 2 			 0
1 			 1 			 0
0 			 1 			 0
Max memory allocated: 128978944; Memory allocated: 112139776
Epoch [91/100] took 0.5074498653411865s
Train mean loss: 0.39989268665130323, train accuracy: 0.9705882352941176
Val mean loss: 2.5037225484848022, val accuracy: 0.0

TRAINING:
Labels predicted: 	 True targets: 	 Correct labels:
22 			 22 			 21
16 			 17 			 16
23 			 22 			 22
18 			 18 			 18
16 			 16 			 15
7 			 7 			 7
VALIDATION:
Labels predicted: 	 True targets: 	 Correct labels:
2 			 4 			 0
3 			 4 			 0
4 			 0 			 0
2 			 2 			 0
1 			 1 			 0
0 			 1 			 0
Max memory allocated: 128978944; Memory allocated: 112145920
Epoch [92/100] took 0.5108129978179932s
Train mean loss: 0.4142264127731323, train accuracy: 0.9705882352941176
Val mean loss: 2.559249997138977, val accuracy: 0.0

TRAINING:
Labels predicted: 	 True targets: 	 Correct labels:
23 			 22 			 21
17 			 17 			 17
22 			 22 			 22
17 			 18 			 17
16 			 16 			 15
7 			 7 			 7
VALIDATION:
Labels predicted: 	 True targets: 	 Correct labels:
2 			 4 			 0
3 			 4 			 0
4 			 0 			 0
2 			 2 			 0
1 			 1 			 0
0 			 1 			 0
Max memory allocated: 128978944; Memory allocated: 112145920
Epoch [93/100] took 0.5085253715515137s
Train mean loss: 0.3829833922477869, train accuracy: 0.9803921568627451
Val mean loss: 2.7156474590301514, val accuracy: 0.0

TRAINING:
Labels predicted: 	 True targets: 	 Correct labels:
22 			 22 			 21
17 			 17 			 17
22 			 22 			 22
18 			 18 			 18
16 			 16 			 15
7 			 7 			 7
VALIDATION:
Labels predicted: 	 True targets: 	 Correct labels:
2 			 4 			 0
3 			 4 			 0
4 			 0 			 0
2 			 2 			 0
1 			 1 			 0
0 			 1 			 0
Max memory allocated: 128978944; Memory allocated: 112145920
Epoch [94/100] took 0.5119919776916504s
Train mean loss: 0.3912663643176739, train accuracy: 0.9607843137254902
Val mean loss: 2.505588412284851, val accuracy: 0.0

TRAINING:
Labels predicted: 	 True targets: 	 Correct labels:
22 			 22 			 21
16 			 17 			 16
22 			 22 			 21
19 			 18 			 18
16 			 16 			 15
7 			 7 			 7
VALIDATION:
Labels predicted: 	 True targets: 	 Correct labels:
1 			 4 			 0
2 			 4 			 0
7 			 0 			 0
2 			 2 			 0
0 			 1 			 0
0 			 1 			 0
Max memory allocated: 128978944; Memory allocated: 112176640
Epoch [95/100] took 0.5094931125640869s
Train mean loss: 0.38382882338303786, train accuracy: 0.9901960784313726
Val mean loss: 2.5851364135742188, val accuracy: 0.0

TRAINING:
Labels predicted: 	 True targets: 	 Correct labels:
21 			 22 			 21
17 			 17 			 17
22 			 22 			 22
18 			 18 			 18
17 			 16 			 16
7 			 7 			 7
VALIDATION:
Labels predicted: 	 True targets: 	 Correct labels:
2 			 4 			 0
3 			 4 			 0
4 			 0 			 0
2 			 2 			 0
1 			 1 			 0
0 			 1 			 0
Max memory allocated: 128978944; Memory allocated: 112145920
Epoch [96/100] took 0.5109066963195801s
Train mean loss: 0.37577171738331133, train accuracy: 0.9803921568627451
Val mean loss: 2.3435031175613403, val accuracy: 0.0

TRAINING:
Labels predicted: 	 True targets: 	 Correct labels:
22 			 22 			 21
17 			 17 			 17
22 			 22 			 22
17 			 18 			 17
17 			 16 			 16
7 			 7 			 7
VALIDATION:
Labels predicted: 	 True targets: 	 Correct labels:
2 			 4 			 0
3 			 4 			 0
4 			 0 			 0
2 			 2 			 0
1 			 1 			 0
0 			 1 			 0
Max memory allocated: 128978944; Memory allocated: 112145920
Epoch [97/100] took 0.5070464611053467s
Train mean loss: 0.379713047009248, train accuracy: 0.9901960784313726
Val mean loss: 2.554800510406494, val accuracy: 0.0

TRAINING:
Labels predicted: 	 True targets: 	 Correct labels:
21 			 22 			 21
17 			 17 			 17
22 			 22 			 22
18 			 18 			 18
17 			 16 			 16
7 			 7 			 7
VALIDATION:
Labels predicted: 	 True targets: 	 Correct labels:
2 			 4 			 0
3 			 4 			 0
4 			 0 			 0
2 			 2 			 0
1 			 1 			 0
0 			 1 			 0
Max memory allocated: 128978944; Memory allocated: 112176640
Epoch [98/100] took 0.5016477108001709s
Train mean loss: 0.38331146996754867, train accuracy: 0.9803921568627451
Val mean loss: 2.5989997386932373, val accuracy: 0.0

TRAINING:
Labels predicted: 	 True targets: 	 Correct labels:
22 			 22 			 21
17 			 17 			 17
22 			 22 			 22
18 			 18 			 18
16 			 16 			 15
7 			 7 			 7
VALIDATION:
Labels predicted: 	 True targets: 	 Correct labels:
2 			 4 			 0
3 			 4 			 0
4 			 0 			 0
2 			 2 			 0
1 			 1 			 0
0 			 1 			 0
Max memory allocated: 128978944; Memory allocated: 112176640
Epoch [99/100] took 0.5080513954162598s
Train mean loss: 0.3637493711251479, train accuracy: 0.9803921568627451
Val mean loss: 2.5224019289016724, val accuracy: 0.0

TRAINING:
Labels predicted: 	 True targets: 	 Correct labels:
22 			 22 			 21
17 			 17 			 17
22 			 22 			 22
18 			 18 			 18
16 			 16 			 15
7 			 7 			 7
VALIDATION:
Labels predicted: 	 True targets: 	 Correct labels:
2 			 4 			 0
2 			 4 			 0
6 			 0 			 0
2 			 2 			 0
0 			 1 			 0
0 			 1 			 0
Max memory allocated: 128978944; Memory allocated: 112145920
Epoch [100/100] took 0.5096957683563232s
Train mean loss: 0.3874673763146767, train accuracy: 0.9607843137254902
Val mean loss: 2.598833441734314, val accuracy: 0.0

TRAINING:
Labels predicted: 	 True targets: 	 Correct labels:
23 			 22 			 21
17 			 17 			 17
21 			 22 			 21
18 			 18 			 17
16 			 16 			 15
7 			 7 			 7
VALIDATION:
Labels predicted: 	 True targets: 	 Correct labels:
2 			 4 			 0
3 			 4 			 0
4 			 0 			 0
2 			 2 			 0
1 			 1 			 0
0 			 1 			 0
Max memory allocated: 128978944; Memory allocated: 112176640
Training finished! Training for 100 epochs took: 51.699119567871094s
Training loss: [1.7849169877859263, 1.7158854007720947, 1.6682781072763295, 1.6226987105149488, 1.5748416552176843, 1.5363752841949463, 1.4886292585959802, 1.4399734918887799, 1.420373329749474, 1.404697243983929, 1.3490050847713764, 1.3332391518812914, 1.2643973368864794, 1.2784056663513184, 1.2521923688741832, 1.2053670791479258, 1.1800478238325853, 1.1780734795790453, 1.1543045594142034, 1.1221392842439504, 1.106834352016449, 1.0826296347838182, 1.059422520490793, 1.0368796174342816, 1.0320437917342553, 0.9899550080299377, 0.9913190832504859, 0.9440438013810378, 0.9813528886208167, 0.9375275465158316, 0.9068763577021085, 0.9128146584217365, 0.8845401406288147, 0.8466427142803485, 0.8439864974755508, 0.810097859455989, 0.8394125791696402, 0.8183778157600989, 0.8163052797317505, 0.8028488480127774, 0.7624943623175988, 0.7975094364239619, 0.7365138805829562, 0.7609132344906147, 0.7417494310782506, 0.752236361687, 0.7021768001409677, 0.6975243504230793, 0.714746505022049, 0.6801606806424948, 0.6929682493209839, 0.6766819036923922, 0.6467108726501465, 0.6301164466601151, 0.6026859260522403, 0.6404555829671713, 0.6132199145280398, 0.6092412861493918, 0.5629389263116397, 0.5821308837487147, 0.5802132854094872, 0.5828023667518909, 0.5966834448851072, 0.5725839894551498, 0.5767141695205982, 0.5390373055751507, 0.5375253305985377, 0.5254371968599466, 0.540163897551023, 0.5212576801960285, 0.4890686273574829, 0.5116363144837893, 0.5171087957345523, 0.5127710952208593, 0.4889436180774982, 0.489447479064648, 0.4582012708370502, 0.45717530296399045, 0.47248824743124157, 0.4520325202208299, 0.4491086991933676, 0.4683147141566643, 0.4408799914213327, 0.4471234060250796, 0.4364418868835156, 0.4358722957280966, 0.4207933201239659, 0.4279346007567186, 0.4191926901157086, 0.4180448307440831, 0.39989268665130323, 0.4142264127731323, 0.3829833922477869, 0.3912663643176739, 0.38382882338303786, 0.37577171738331133, 0.379713047009248, 0.38331146996754867, 0.3637493711251479, 0.3874673763146767]
Validation loss: [1.758380651473999, 1.75717693567276, 1.7446789741516113, 1.8287837505340576, 1.8112459182739258, 1.7635077238082886, 1.8614033460617065, 1.8859410285949707, 1.9178891777992249, 1.766038417816162, 1.8811493515968323, 1.7877132892608643, 1.8437751531600952, 1.9269367456436157, 1.834922730922699, 1.86697256565094, 1.9280142188072205, 1.933540403842926, 2.019843816757202, 1.9238278269767761, 1.961106538772583, 1.918627917766571, 1.8849074840545654, 2.0343873500823975, 1.99991375207901, 2.136671543121338, 1.9654085040092468, 2.042521357536316, 2.0611045360565186, 2.013347864151001, 2.035701632499695, 2.034395456314087, 2.053737163543701, 2.197394013404846, 2.0167077779769897, 1.9843477010726929, 2.1503103971481323, 2.0411842465400696, 2.1532386541366577, 2.225645899772644, 2.1011383533477783, 2.1711760759353638, 2.1881145238876343, 2.032079756259918, 2.220233917236328, 2.0676685571670532, 2.1778976917266846, 2.2546141147613525, 2.1258515119552612, 2.3183107376098633, 2.145641803741455, 2.2087159156799316, 2.2934954166412354, 2.177687883377075, 2.3290880918502808, 2.246281862258911, 2.273185610771179, 2.318804621696472, 2.3597586154937744, 2.2245051860809326, 2.2784106731414795, 2.2820751667022705, 2.2449116706848145, 2.3927234411239624, 2.206921339035034, 2.436710476875305, 2.4093549251556396, 2.294002056121826, 2.3386188745498657, 2.2534278631210327, 2.333865523338318, 2.3333702087402344, 2.4250024557113647, 2.30555260181427, 2.4619603157043457, 2.2902395725250244, 2.465131402015686, 2.360210657119751, 2.2750381231307983, 2.52734112739563, 2.325616478919983, 2.4712798595428467, 2.3090068101882935, 2.344550609588623, 2.6070975065231323, 2.4559569358825684, 2.4924410581588745, 2.378275990486145, 2.45872163772583, 2.346655547618866, 2.5037225484848022, 2.559249997138977, 2.7156474590301514, 2.505588412284851, 2.5851364135742188, 2.3435031175613403, 2.554800510406494, 2.5989997386932373, 2.5224019289016724, 2.598833441734314]
Training accuracy: [0.13725490196078433, 0.29411764705882354, 0.3137254901960784, 0.3235294117647059, 0.4803921568627451, 0.4803921568627451, 0.46078431372549017, 0.5980392156862745, 0.5294117647058824, 0.5882352941176471, 0.6862745098039216, 0.6176470588235294, 0.7058823529411765, 0.6764705882352942, 0.6666666666666666, 0.7058823529411765, 0.7450980392156863, 0.696078431372549, 0.7156862745098039, 0.7058823529411765, 0.7745098039215687, 0.7647058823529411, 0.7450980392156863, 0.8235294117647058, 0.7843137254901961, 0.7941176470588235, 0.8333333333333334, 0.8137254901960784, 0.8235294117647058, 0.8333333333333334, 0.8235294117647058, 0.8137254901960784, 0.8431372549019608, 0.8333333333333334, 0.8431372549019608, 0.8725490196078431, 0.8627450980392157, 0.8529411764705882, 0.8431372549019608, 0.8627450980392157, 0.8921568627450981, 0.8431372549019608, 0.8921568627450981, 0.9019607843137255, 0.9117647058823529, 0.8725490196078431, 0.8529411764705882, 0.9019607843137255, 0.9019607843137255, 0.9313725490196079, 0.9117647058823529, 0.9411764705882353, 0.8823529411764706, 0.9215686274509803, 0.9411764705882353, 0.9215686274509803, 0.9313725490196079, 0.9313725490196079, 0.9411764705882353, 0.9313725490196079, 0.9215686274509803, 0.9509803921568627, 0.9411764705882353, 0.9509803921568627, 0.9411764705882353, 0.9607843137254902, 0.9215686274509803, 0.9411764705882353, 0.9411764705882353, 0.9509803921568627, 0.9607843137254902, 0.9509803921568627, 0.9313725490196079, 0.9411764705882353, 0.9705882352941176, 0.9509803921568627, 0.9607843137254902, 0.9705882352941176, 0.9607843137254902, 0.9509803921568627, 0.9705882352941176, 0.9509803921568627, 0.9509803921568627, 0.9705882352941176, 0.9607843137254902, 0.9705882352941176, 0.9803921568627451, 0.9607843137254902, 0.9705882352941176, 0.9803921568627451, 0.9705882352941176, 0.9705882352941176, 0.9803921568627451, 0.9607843137254902, 0.9901960784313726, 0.9803921568627451, 0.9901960784313726, 0.9803921568627451, 0.9803921568627451, 0.9607843137254902]
Validation accuracy: [0.08333333333333333, 0.16666666666666666, 0.25, 0.0, 0.0, 0.08333333333333333, 0.0, 0.0, 0.0, 0.0, 0.0, 0.0, 0.0, 0.0, 0.0, 0.0, 0.0, 0.0, 0.0, 0.0, 0.0, 0.0, 0.0, 0.0, 0.0, 0.0, 0.0, 0.0, 0.0, 0.0, 0.0, 0.0, 0.0, 0.0, 0.0, 0.0, 0.0, 0.0, 0.0, 0.0, 0.0, 0.0, 0.0, 0.0, 0.0, 0.0, 0.0, 0.0, 0.0, 0.0, 0.0, 0.0, 0.0, 0.0, 0.0, 0.0, 0.0, 0.0, 0.0, 0.0, 0.0, 0.0, 0.0, 0.0, 0.0, 0.0, 0.0, 0.0, 0.0, 0.0, 0.0, 0.0, 0.0, 0.0, 0.0, 0.0, 0.0, 0.0, 0.0, 0.0, 0.0, 0.0, 0.0, 0.0, 0.0, 0.0, 0.0, 0.0, 0.0, 0.0, 0.0, 0.0, 0.0, 0.0, 0.0, 0.0, 0.0, 0.0, 0.0, 0.0]
Accuracy plot saved at 'BERT_Ex1_SimpleLinearHead_1710436346.3727198/accuracy_BERT_Ex1_SimpleLinearHead_1710436346.3727198.png'
Loss plot saved at 'BERT_Ex1_SimpleLinearHead_1710436346.3727198/loss_BERT_Ex1_SimpleLinearHead_1710436346.3727198.png'
Checkpoint saved at 'BERT_Ex1_SimpleLinearHead_1710436346.3727198/checkpoint_BERT_Ex1_SimpleLinearHead_1710436346.3727198.pth'
Output logfile saved at BERT_Ex1_SimpleLinearHead_1710436346.3727198/output_log_BERT_Ex1_SimpleLinearHead_1710436346.3727198.txt
